-- The C compiler identification is GNU 12.3.0
-- The CXX compiler identification is GNU 11.4.0
-- Detecting C compiler ABI info
-- Detecting C compiler ABI info - done
-- Check for working C compiler: /usr/bin/cc - skipped
-- Detecting C compile features
-- Detecting C compile features - done
-- Detecting CXX compiler ABI info
-- Detecting CXX compiler ABI info - done
-- Check for working CXX compiler: /usr/bin/c++ - skipped
-- Detecting CXX compile features
-- Detecting CXX compile features - done
-- Found ament_cmake: 1.3.10 (/opt/ros/humble/share/ament_cmake/cmake)
-- Found Python3: /usr/bin/python3 (found version "3.10.12") found components: Interpreter 
-- Found rclcpp: 16.0.10 (/opt/ros/humble/share/rclcpp/cmake)
-- Found rosidl_generator_c: 3.1.5 (/opt/ros/humble/share/rosidl_generator_c/cmake)
-- Found rosidl_adapter: 3.1.5 (/opt/ros/humble/share/rosidl_adapter/cmake)
-- Found rosidl_generator_cpp: 3.1.5 (/opt/ros/humble/share/rosidl_generator_cpp/cmake)
-- Using all available rosidl_typesupport_c: rosidl_typesupport_fastrtps_c;rosidl_typesupport_introspection_c
-- Using all available rosidl_typesupport_cpp: rosidl_typesupport_fastrtps_cpp;rosidl_typesupport_introspection_cpp
-- Found rmw_implementation_cmake: 6.1.2 (/opt/ros/humble/share/rmw_implementation_cmake/cmake)
-- Found rmw_fastrtps_cpp: 6.2.7 (/opt/ros/humble/share/rmw_fastrtps_cpp/cmake)
-- Found OpenSSL: /usr/lib/x86_64-linux-gnu/libcrypto.so (found version "3.0.2")  
-- Found FastRTPS: /opt/ros/humble/include  
-- Using RMW implementation 'rmw_fastrtps_cpp' as default
-- Looking for pthread.h
-- Looking for pthread.h - found
-- Performing Test CMAKE_HAVE_LIBC_PTHREAD
-- Performing Test CMAKE_HAVE_LIBC_PTHREAD - Success
-- Found Threads: TRUE  
-- Found nav_msgs: 4.2.4 (/opt/ros/humble/share/nav_msgs/cmake)
-- Found tf2: 0.25.8 (/opt/ros/humble/share/tf2/cmake)
-- Found tf2_ros: 0.25.8 (/opt/ros/humble/share/tf2_ros/cmake)
-- Found ament_lint_auto: 0.12.11 (/opt/ros/humble/share/ament_lint_auto/cmake)
WARNING: Package name "EKFLocalization" does not follow the naming conventions. It should start with a lower case letter and only contain lower case letters, digits, underscores, and dashes.
-- Added test 'cppcheck' to perform static code analysis on C / C++ code
-- Configured cppcheck include dirs: $<BUILD_INTERFACE:/home/javier/puzzlebot_ws/src/EKFLocalization/include>
-- Configured cppcheck exclude dirs and/or files: 
-- Added test 'lint_cmake' to check CMake code style
-- Added test 'uncrustify' to check C / C++ code style
-- Configured uncrustify additional arguments: 
-- Added test 'xmllint' to check XML markup files
-- Configuring done
-- Generating done
-- Build files have been written to: /home/javier/puzzlebot_ws/src/build/EKFLocalization
[ 50%] [32mBuilding CXX object CMakeFiles/EKFLozalization.dir/src/EKFLozalization.cpp.o[0m
[01m[K/home/javier/puzzlebot_ws/src/EKFLocalization/src/EKFLozalization.cpp:61:21:[m[K [01;31m[Kerror: [m[Kredeclaration of â€˜[01m[Kfloat EKFLocalization::z_alpha[m[Kâ€™
   61 |     float z_alpha = [01;31m[K0[m[K;
      |                     [01;31m[K^[m[K
[01m[K/home/javier/puzzlebot_ws/src/EKFLocalization/src/EKFLozalization.cpp:59:11:[m[K [01;36m[Knote: [m[Kprevious declaration â€˜[01m[Kfloat EKFLocalization::z_alpha[m[Kâ€™
   59 |     float [01;36m[Kz_alpha[m[K = 0;
      |           [01;36m[K^~~~~~~[m[K
[01m[K/home/javier/puzzlebot_ws/src/EKFLocalization/src/EKFLozalization.cpp:96:26:[m[K [01;31m[Kerror: [m[Kâ€˜[01m[Kgeom_msgs[m[Kâ€™ was not declared in this scope
   96 |     rclcpp::Subscription<[01;31m[Kgeom_msgs[m[K::msg::Twist>::SharedPtr subsCont_;
      |                          [01;31m[K^~~~~~~~~[m[K
[01m[K/home/javier/puzzlebot_ws/src/EKFLocalization/src/EKFLozalization.cpp:96:47:[m[K [01;31m[Kerror: [m[Ktemplate argument 1 is invalid
   96 |     rclcpp::Subscription<geom_msgs::msg::Twist[01;31m[K>[m[K::SharedPtr subsCont_;
      |                                               [01;31m[K^[m[K
[01m[K/home/javier/puzzlebot_ws/src/EKFLocalization/src/EKFLozalization.cpp:96:47:[m[K [01;31m[Kerror: [m[Ktemplate argument 3 is invalid
[01m[K/home/javier/puzzlebot_ws/src/EKFLocalization/src/EKFLozalization.cpp:96:47:[m[K [01;31m[Kerror: [m[Ktemplate argument 4 is invalid
[01m[K/home/javier/puzzlebot_ws/src/EKFLocalization/src/EKFLozalization.cpp:96:47:[m[K [01;31m[Kerror: [m[Ktemplate argument 5 is invalid
[01m[K/home/javier/puzzlebot_ws/src/EKFLocalization/src/EKFLozalization.cpp:96:50:[m[K [01;31m[Kerror: [m[Kexpected â€˜[01m[K;[m[Kâ€™ at end of member declaration
   96 |     rclcpp::Subscription<geom_msgs::msg::Twist>::[01;31m[KSharedPtr[m[K subsCont_;
      |                                                  [01;31m[K^~~~~~~~~[m[K
      |                                                           [32m[K;[m[K
[01m[K/home/javier/puzzlebot_ws/src/EKFLocalization/src/EKFLozalization.cpp:96:60:[m[K [01;31m[Kerror: [m[Kâ€˜[01m[KsubsCont_[m[Kâ€™ does not name a type
   96 |     rclcpp::Subscription<geom_msgs::msg::Twist>::SharedPtr [01;31m[KsubsCont_[m[K;
      |                                                            [01;31m[K^~~~~~~~~[m[K
[01m[K/home/javier/puzzlebot_ws/src/EKFLocalization/src/EKFLozalization.cpp:123:33:[m[K [01;31m[Kerror: [m[Kâ€˜[01m[Kgeom_msgs[m[Kâ€™ does not name a type
  123 |     void control_callback(const [01;31m[Kgeom_msgs[m[K::msg::Twist::SharedPtr msg) {
      |                                 [01;31m[K^~~~~~~~~[m[K
[01m[K/home/javier/puzzlebot_ws/src/EKFLocalization/src/EKFLozalization.cpp:123:47:[m[K [01;31m[Kerror: [m[Kexpected unqualified-id before â€˜[01m[K::[m[Kâ€™ token
  123 |     void control_callback(const geom_msgs::msg[01;31m[K::[m[KTwist::SharedPtr msg) {
      |                                               [01;31m[K^~[m[K
[01m[K/home/javier/puzzlebot_ws/src/EKFLocalization/src/EKFLozalization.cpp:123:47:[m[K [01;31m[Kerror: [m[Kexpected â€˜[01m[K)[m[Kâ€™ before â€˜[01m[K::[m[Kâ€™ token
  123 |     void control_callback[34m[K([m[Kconst geom_msgs::msg[01;31m[K:[m[K[32m[K:[m[KTwist::SharedPtr msg) {
      |                          [34m[K~[m[K                    [01;31m[K^[m[K[32m[K~[m[K
      |                                               [32m[K)[m[K
[01m[K/home/javier/puzzlebot_ws/src/EKFLocalization/src/EKFLozalization.cpp:123:44:[m[K [01;31m[Kerror: [m[Kexpected â€˜[01m[K;[m[Kâ€™ at end of member declaration
  123 |     void control_callback(const geom_msgs::[01;31m[Kmsg[m[K::Twist::SharedPtr msg) {
      |                                            [01;31m[K^~~[m[K
      |                                               [32m[K;[m[K
[01m[K/home/javier/puzzlebot_ws/src/EKFLocalization/src/EKFLozalization.cpp:123:49:[m[K [01;31m[Kerror: [m[Kâ€˜[01m[KTwist[m[Kâ€™ in namespace â€˜[01m[K::[m[Kâ€™ does not name a type
  123 |     void control_callback(const geom_msgs::msg::[01;31m[KTwist[m[K::SharedPtr msg) {
      |                                                 [01;31m[K^~~~~[m[K
[01m[K/home/javier/puzzlebot_ws/src/EKFLocalization/src/EKFLozalization.cpp:285:10:[m[K [01;31m[Kerror: [m[Kbit-field â€˜[01m[Kvoid EKFLocalization::PoseEstimation(float, bool)[m[Kâ€™ has non-integral type â€˜[01m[Kvoid (EKFLocalization::)(float, bool)[m[Kâ€™
  285 |     void [01;31m[KPoseEstimation[m[K(float dt_, bool landmark_status):
      |          [01;31m[K^~~~~~~~~~~~~~[m[K
[01m[K/home/javier/puzzlebot_ws/src/EKFLocalization/src/EKFLozalization.cpp:289:20:[m[K [01;31m[Kerror: [m[Kexpected identifier before numeric constant
  289 |         z_measured([01;31m[K1[m[K) = 0; //landmark_measured(1);
      |                    [01;31m[K^[m[K
[01m[K/home/javier/puzzlebot_ws/src/EKFLocalization/src/EKFLozalization.cpp:289:20:[m[K [01;31m[Kerror: [m[Kexpected â€˜[01m[K,[m[Kâ€™ or â€˜[01m[K...[m[Kâ€™ before numeric constant
[01m[K/home/javier/puzzlebot_ws/src/EKFLocalization/src/EKFLozalization.cpp:289:9:[m[K [01;31m[Kerror: [m[KISO C++ forbids declaration of â€˜[01m[Kz_measured[m[Kâ€™ with no type [[01;31m[K]8;;https://gcc.gnu.org/onlinedocs/gcc/Warning-Options.html#index-fpermissive-fpermissive]8;;[m[K]
  289 |         [01;31m[Kz_measured[m[K(1) = 0; //landmark_measured(1);
      |         [01;31m[K^~~~~~~~~~[m[K
[01m[K/home/javier/puzzlebot_ws/src/EKFLocalization/src/EKFLozalization.cpp:289:25:[m[K [01;31m[Kerror: [m[Kâ€˜[01m[Kint EKFLocalization::z_measured(int)[m[Kâ€™ conflicts with a previous declaration
  289 |         z_measured(1) = [01;31m[K0[m[K; //landmark_measured(1);
      |                         [01;31m[K^[m[K
[01m[K/home/javier/puzzlebot_ws/src/EKFLocalization/src/EKFLozalization.cpp:64:21:[m[K [01;36m[Knote: [m[Kprevious declaration â€˜[01m[KEigen::Vector2f EKFLocalization::z_measured[m[Kâ€™
   64 |     Eigen::Vector2f [01;36m[Kz_measured[m[K = Eigen::Vector2f::Zero();
      |                     [01;36m[K^~~~~~~~~~[m[K
[01m[K/home/javier/puzzlebot_ws/src/EKFLocalization/src/EKFLozalization.cpp:292:18:[m[K [01;31m[Kerror: [m[Kexpected identifier before numeric constant
  292 |         z_static([01;31m[K0[m[K) = 0;// landmark_pos(0);
      |                  [01;31m[K^[m[K
[01m[K/home/javier/puzzlebot_ws/src/EKFLocalization/src/EKFLozalization.cpp:292:18:[m[K [01;31m[Kerror: [m[Kexpected â€˜[01m[K,[m[Kâ€™ or â€˜[01m[K...[m[Kâ€™ before numeric constant
[01m[K/home/javier/puzzlebot_ws/src/EKFLocalization/src/EKFLozalization.cpp:292:9:[m[K [01;31m[Kerror: [m[KISO C++ forbids declaration of â€˜[01m[Kz_static[m[Kâ€™ with no type [[01;31m[K]8;;https://gcc.gnu.org/onlinedocs/gcc/Warning-Options.html#index-fpermissive-fpermissive]8;;[m[K]
  292 |         [01;31m[Kz_static[m[K(0) = 0;// landmark_pos(0);
      |         [01;31m[K^~~~~~~~[m[K
[01m[K/home/javier/puzzlebot_ws/src/EKFLocalization/src/EKFLozalization.cpp:292:23:[m[K [01;31m[Kerror: [m[Kâ€˜[01m[Kint EKFLocalization::z_static(int)[m[Kâ€™ conflicts with a previous declaration
  292 |         z_static(0) = [01;31m[K0[m[K;// landmark_pos(0);
      |                       [01;31m[K^[m[K
[01m[K/home/javier/puzzlebot_ws/src/EKFLocalization/src/EKFLozalization.cpp:65:21:[m[K [01;36m[Knote: [m[Kprevious declaration â€˜[01m[KEigen::Vector2f EKFLocalization::z_static[m[Kâ€™
   65 |     Eigen::Vector2f [01;36m[Kz_static[m[K = Eigen::Vector2f::Zero();
      |                     [01;36m[K^~~~~~~~[m[K
[01m[K/home/javier/puzzlebot_ws/src/EKFLocalization/src/EKFLozalization.cpp:293:18:[m[K [01;31m[Kerror: [m[Kexpected identifier before numeric constant
  293 |         z_static([01;31m[K1[m[K) = 0; //landmark_pos(1);
      |                  [01;31m[K^[m[K
[01m[K/home/javier/puzzlebot_ws/src/EKFLocalization/src/EKFLozalization.cpp:293:18:[m[K [01;31m[Kerror: [m[Kexpected â€˜[01m[K,[m[Kâ€™ or â€˜[01m[K...[m[Kâ€™ before numeric constant
[01m[K/home/javier/puzzlebot_ws/src/EKFLocalization/src/EKFLozalization.cpp:293:9:[m[K [01;31m[Kerror: [m[KISO C++ forbids declaration of â€˜[01m[Kz_static[m[Kâ€™ with no type [[01;31m[K]8;;https://gcc.gnu.org/onlinedocs/gcc/Warning-Options.html#index-fpermissive-fpermissive]8;;[m[K]
  293 |         [01;31m[Kz_static[m[K(1) = 0; //landmark_pos(1);
      |         [01;31m[K^~~~~~~~[m[K
[01m[K/home/javier/puzzlebot_ws/src/EKFLocalization/src/EKFLozalization.cpp:293:23:[m[K [01;31m[Kerror: [m[Kâ€˜[01m[Kint EKFLocalization::z_static(int)[m[Kâ€™ conflicts with a previous declaration
  293 |         z_static(1) = [01;31m[K0[m[K; //landmark_pos(1);
      |                       [01;31m[K^[m[K
[01m[K/home/javier/puzzlebot_ws/src/EKFLocalization/src/EKFLozalization.cpp:65:21:[m[K [01;36m[Knote: [m[Kprevious declaration â€˜[01m[KEigen::Vector2f EKFLocalization::z_static[m[Kâ€™
   65 |     Eigen::Vector2f [01;36m[Kz_static[m[K = Eigen::Vector2f::Zero();
      |                     [01;36m[K^~~~~~~~[m[K
[01m[K/home/javier/puzzlebot_ws/src/EKFLocalization/src/EKFLozalization.cpp:303:9:[m[K [01;31m[Kerror: [m[Kâ€˜[01m[Kkl[m[Kâ€™ does not name a type
  303 |         [01;31m[Kkl[m[K = 0; //calibrated_klr(0);
      |         [01;31m[K^~[m[K
[01m[K/home/javier/puzzlebot_ws/src/EKFLocalization/src/EKFLozalization.cpp:304:9:[m[K [01;31m[Kerror: [m[Kâ€˜[01m[Kkr[m[Kâ€™ does not name a type
  304 |         [01;31m[Kkr[m[K = 0; //calibrated_klr(1);
      |         [01;31m[K^~[m[K
[01m[K/home/javier/puzzlebot_ws/src/EKFLocalization/src/EKFLozalization.cpp:306:11:[m[K [01;31m[Kerror: [m[Kexpected identifier before numeric constant
  306 |         R([01;31m[K0[m[K,0) = 0.1;
      |           [01;31m[K^[m[K
[01m[K/home/javier/puzzlebot_ws/src/EKFLocalization/src/EKFLozalization.cpp:306:11:[m[K [01;31m[Kerror: [m[Kexpected â€˜[01m[K,[m[Kâ€™ or â€˜[01m[K...[m[Kâ€™ before numeric constant
[01m[K/home/javier/puzzlebot_ws/src/EKFLocalization/src/EKFLozalization.cpp:306:21:[m[K [01;31m[Kerror: [m[Kinvalid pure specifier (only â€˜[01m[K= 0[m[Kâ€™ is allowed) before â€˜[01m[K;[m[Kâ€™ token
  306 |         R(0,0) = 0.1[01;31m[K;[m[K
      |                     [01;31m[K^[m[K
[01m[K/home/javier/puzzlebot_ws/src/EKFLocalization/src/EKFLozalization.cpp:306:9:[m[K [01;31m[Kerror: [m[KISO C++ forbids declaration of â€˜[01m[KR[m[Kâ€™ with no type [[01;31m[K]8;;https://gcc.gnu.org/onlinedocs/gcc/Warning-Options.html#index-fpermissive-fpermissive]8;;[m[K]
  306 |         [01;31m[KR[m[K(0,0) = 0.1;
      |         [01;31m[K^[m[K
[01m[K/home/javier/puzzlebot_ws/src/EKFLocalization/src/EKFLozalization.cpp:306:21:[m[K [01;31m[Kerror: [m[Kâ€˜[01m[Kint EKFLocalization::R(int)[m[Kâ€™ conflicts with a previous declaration
  306 |         R(0,0) = 0.1[01;31m[K;[m[K
      |                     [01;31m[K^[m[K
[01m[K/home/javier/puzzlebot_ws/src/EKFLocalization/src/EKFLozalization.cpp:84:21:[m[K [01;36m[Knote: [m[Kprevious declaration â€˜[01m[KEigen::Matrix2f EKFLocalization::R[m[Kâ€™
   84 |     Eigen::Matrix2f [01;36m[KR[m[K = Eigen::Matrix2f::Zero();    // Current Robot Observation Noise Covariance Matrix
      |                     [01;36m[K^[m[K
[01m[K/home/javier/puzzlebot_ws/src/EKFLocalization/src/EKFLozalization.cpp:307:11:[m[K [01;31m[Kerror: [m[Kexpected identifier before numeric constant
  307 |         R([01;31m[K1[m[K,1) = 0.2;
      |           [01;31m[K^[m[K
[01m[K/home/javier/puzzlebot_ws/src/EKFLocalization/src/EKFLozalization.cpp:307:11:[m[K [01;31m[Kerror: [m[Kexpected â€˜[01m[K,[m[Kâ€™ or â€˜[01m[K...[m[Kâ€™ before numeric constant
[01m[K/home/javier/puzzlebot_ws/src/EKFLocalization/src/EKFLozalization.cpp:307:21:[m[K [01;31m[Kerror: [m[Kinvalid pure specifier (only â€˜[01m[K= 0[m[Kâ€™ is allowed) before â€˜[01m[K;[m[Kâ€™ token
  307 |         R(1,1) = 0.2[01;31m[K;[m[K
      |                     [01;31m[K^[m[K
[01m[K/home/javier/puzzlebot_ws/src/EKFLocalization/src/EKFLozalization.cpp:307:9:[m[K [01;31m[Kerror: [m[KISO C++ forbids declaration of â€˜[01m[KR[m[Kâ€™ with no type [[01;31m[K]8;;https://gcc.gnu.org/onlinedocs/gcc/Warning-Options.html#index-fpermissive-fpermissive]8;;[m[K]
  307 |         [01;31m[KR[m[K(1,1) = 0.2;
      |         [01;31m[K^[m[K
[01m[K/home/javier/puzzlebot_ws/src/EKFLocalization/src/EKFLozalization.cpp:307:21:[m[K [01;31m[Kerror: [m[Kâ€˜[01m[Kint EKFLocalization::R(int)[m[Kâ€™ conflicts with a previous declaration
  307 |         R(1,1) = 0.2[01;31m[K;[m[K
      |                     [01;31m[K^[m[K
[01m[K/home/javier/puzzlebot_ws/src/EKFLocalization/src/EKFLozalization.cpp:84:21:[m[K [01;36m[Knote: [m[Kprevious declaration â€˜[01m[KEigen::Matrix2f EKFLocalization::R[m[Kâ€™
   84 |     Eigen::Matrix2f [01;36m[KR[m[K = Eigen::Matrix2f::Zero();    // Current Robot Observation Noise Covariance Matrix
      |                     [01;36m[K^[m[K
[01m[K/home/javier/puzzlebot_ws/src/EKFLocalization/src/EKFLozalization.cpp:310:9:[m[K [01;31m[Kerror: [m[Kâ€˜[01m[Kdt[m[Kâ€™ does not name a type
  310 |         [01;31m[Kdt[m[K = dt_;
      |         [01;31m[K^~[m[K
[01m[K/home/javier/puzzlebot_ws/src/EKFLocalization/src/EKFLozalization.cpp:312:9:[m[K [01;31m[Kerror: [m[KISO C++ forbids declaration of â€˜[01m[KEstimate_Q[m[Kâ€™ with no type [[01;31m[K]8;;https://gcc.gnu.org/onlinedocs/gcc/Warning-Options.html#index-fpermissive-fpermissive]8;;[m[K]
  312 |         [01;31m[KEstimate_Q[m[K()
      |         [01;31m[K^~~~~~~~~~[m[K
[01m[K/home/javier/puzzlebot_ws/src/EKFLocalization/src/EKFLozalization.cpp:312:20:[m[K [01;31m[Kerror: [m[Kexpected â€˜[01m[K;[m[Kâ€™ at end of member declaration
  312 |         Estimate_Q([01;31m[K)[m[K
      |                    [01;31m[K^[m[K
      |                     [32m[K;[m[K
[01m[K/home/javier/puzzlebot_ws/src/EKFLocalization/src/EKFLozalization.cpp:313:9:[m[K [01;31m[Kerror: [m[Kâ€˜[01m[KQ[m[Kâ€™ does not name a type
  313 |         [01;31m[KQ[m[K = np.array([[0.5, 0.01, 0.01],
      |         [01;31m[K^[m[K
[01m[K/home/javier/puzzlebot_ws/src/EKFLocalization/src/EKFLozalization.cpp:318:9:[m[K [01;31m[Kerror: [m[KISO C++ forbids declaration of â€˜[01m[KCalc_Gradient_h[m[Kâ€™ with no type [[01;31m[K]8;;https://gcc.gnu.org/onlinedocs/gcc/Warning-Options.html#index-fpermissive-fpermissive]8;;[m[K]
  318 |         [01;31m[KCalc_Gradient_h[m[K(); // Pose Model linerization
      |         [01;31m[K^~~~~~~~~~~~~~~[m[K
[01m[K/home/javier/puzzlebot_ws/src/EKFLocalization/src/EKFLozalization.cpp:319:9:[m[K [01;31m[Kerror: [m[KISO C++ forbids declaration of â€˜[01m[KCalc_SigmaHat[m[Kâ€™ with no type [[01;31m[K]8;;https://gcc.gnu.org/onlinedocs/gcc/Warning-Options.html#index-fpermissive-fpermissive]8;;[m[K]
  319 |         [01;31m[KCalc_SigmaHat[m[K(); // Uncertainty of Ideal calculated pose
      |         [01;31m[K^~~~~~~~~~~~~[m[K
[01m[K/home/javier/puzzlebot_ws/src/EKFLocalization/src/EKFLozalization.cpp:320:9:[m[K [01;31m[Kerror: [m[Kexpected unqualified-id before â€˜[01m[Kif[m[Kâ€™
  320 |         [01;31m[Kif[m[K (landmark_status){
      |         [01;31m[K^~[m[K
[01m[K/home/javier/puzzlebot_ws/src/EKFLocalization/src/EKFLozalization.cpp:329:6:[m[K [01;31m[Kerror: [m[Kexpected â€˜[01m[K;[m[Kâ€™ after class definition
  329 |     }
      |      [01;31m[K^[m[K
      |      [32m[K;[m[K
[01m[K/home/javier/puzzlebot_ws/src/EKFLocalization/src/EKFLozalization.cpp:[m[K In member function â€˜[01m[Kfloat EKFLocalization::wrap_to_pi(float&)[m[Kâ€™:
[01m[K/home/javier/puzzlebot_ws/src/EKFLocalization/src/EKFLozalization.cpp:134:24:[m[K [01;31m[Kerror: [m[Kâ€˜[01m[Kstd::numbers[m[Kâ€™ has not been declared
  134 |       if (theta > std::[01;31m[Knumbers[m[K::pi){
      |                        [01;31m[K^~~~~~~[m[K
[01m[K/home/javier/puzzlebot_ws/src/EKFLocalization/src/EKFLozalization.cpp:135:34:[m[K [01;31m[Kerror: [m[Kâ€˜[01m[Kstd::numbers[m[Kâ€™ has not been declared
  135 |         theta = theta - 2 * std::[01;31m[Knumbers[m[K::pi;
      |                                  [01;31m[K^~~~~~~[m[K
[01m[K/home/javier/puzzlebot_ws/src/EKFLocalization/src/EKFLozalization.cpp:137:29:[m[K [01;31m[Kerror: [m[Kâ€˜[01m[Kstd::numbers[m[Kâ€™ has not been declared
  137 |       else if (theta < std::[01;31m[Knumbers[m[K::pi){
      |                             [01;31m[K^~~~~~~[m[K
[01m[K/home/javier/puzzlebot_ws/src/EKFLocalization/src/EKFLozalization.cpp:138:34:[m[K [01;31m[Kerror: [m[Kâ€˜[01m[Kstd::numbers[m[Kâ€™ has not been declared
  138 |         theta = theta + 2 * std::[01;31m[Knumbers[m[K::pi;
      |                                  [01;31m[K^~~~~~~[m[K
[01m[K/home/javier/puzzlebot_ws/src/EKFLocalization/src/EKFLozalization.cpp:[m[K In member function â€˜[01m[Kvoid EKFLocalization::calc_SigmaD()[m[Kâ€™:
[01m[K/home/javier/puzzlebot_ws/src/EKFLocalization/src/EKFLozalization.cpp:165:7:[m[K [01;31m[Kerror: [m[Kâ€˜[01m[KsigmaD[m[Kâ€™ was not declared in this scope; did you mean â€˜[01m[KSigmaD[m[Kâ€™?
  165 |       [01;31m[KsigmaD[m[K(0,0) = kr * std::abs(wR);
      |       [01;31m[K^~~~~~[m[K
      |       [32m[KSigmaD[m[K
[01m[K/home/javier/puzzlebot_ws/src/EKFLocalization/src/EKFLozalization.cpp:165:21:[m[K [01;31m[Kerror: [m[Kâ€˜[01m[Kkr[m[Kâ€™ was not declared in this scope; did you mean â€˜[01m[KkR[m[Kâ€™?
  165 |       sigmaD(0,0) = [01;31m[Kkr[m[K * std::abs(wR);
      |                     [01;31m[K^~[m[K
      |                     [32m[KkR[m[K
[01m[K/home/javier/puzzlebot_ws/src/EKFLocalization/src/EKFLozalization.cpp:166:21:[m[K [01;31m[Kerror: [m[Kâ€˜[01m[Kkl[m[Kâ€™ was not declared in this scope; did you mean â€˜[01m[KkL[m[Kâ€™?
  166 |       sigmaD(1,1) = [01;31m[Kkl[m[K * std::abs(wL);
      |                     [01;31m[K^~[m[K
      |                     [32m[KkL[m[K
[01m[K/home/javier/puzzlebot_ws/src/EKFLocalization/src/EKFLozalization.cpp:[m[K In member function â€˜[01m[Kvoid EKFLocalization::calc_zHat()[m[Kâ€™:
[01m[K/home/javier/puzzlebot_ws/src/EKFLocalization/src/EKFLozalization.cpp:196:30:[m[K [01;31m[Kerror: [m[Kcannot bind non-const lvalue reference of type â€˜[01m[Kfloat&[m[Kâ€™ to an rvalue of type â€˜[01m[Kfloat[m[Kâ€™
  196 |       z(1) = wrap_to_pi([01;31m[Katan2(delta_zy,delta_zx)[m[K);
      |                         [01;31m[K~~~~~^~~~~~~~~~~~~~~~~~~[m[K
[01m[K/home/javier/puzzlebot_ws/src/EKFLocalization/src/EKFLozalization.cpp:133:29:[m[K [01;36m[Knote: [m[K  initializing argument 1 of â€˜[01m[Kfloat EKFLocalization::wrap_to_pi(float&)[m[Kâ€™
  133 |     float wrap_to_pi([01;36m[Kfloat& theta[m[K){
      |                      [01;36m[K~~~~~~~^~~~~[m[K
[01m[K/home/javier/puzzlebot_ws/src/EKFLocalization/src/EKFLozalization.cpp:[m[K In member function â€˜[01m[Kvoid EKFLocalization::calc_Z()[m[Kâ€™:
[01m[K/home/javier/puzzlebot_ws/src/EKFLocalization/src/EKFLozalization.cpp:209:23:[m[K [01;31m[Kerror: [m[Kâ€˜[01m[Kg[m[Kâ€™ was not declared in this scope
  209 |       Z = G * Sigma * [01;31m[Kg[m[K.transpose() + R;
      |                       [01;31m[K^[m[K
[01m[K/home/javier/puzzlebot_ws/src/EKFLocalization/src/EKFLozalization.cpp:[m[K In member function â€˜[01m[Kvoid EKFLocalization::calc_Sigma()[m[Kâ€™:
[01m[K/home/javier/puzzlebot_ws/src/EKFLocalization/src/EKFLozalization.cpp:222:24:[m[K [01;31m[Kerror: [m[Kâ€˜[01m[Kk[m[Kâ€™ was not declared in this scope
  222 |       Sigma = (I_3x3 - [01;31m[Kk[m[K * G) * Sigma;
      |                        [01;31m[K^[m[K
[01m[K/home/javier/puzzlebot_ws/src/EKFLocalization/src/EKFLozalization.cpp:[m[K In member function â€˜[01m[Kvoid EKFLocalization::publish_result()[m[Kâ€™:
[01m[K/home/javier/puzzlebot_ws/src/EKFLocalization/src/EKFLozalization.cpp:263:48:[m[K [01;35m[Kwarning: [m[Kleft operand of comma operator has no effect [[01;35m[K]8;;https://gcc.gnu.org/onlinedocs/gcc/Warning-Options.html#index-Wunused-value-Wunused-value]8;;[m[K]
  263 |       odometry_msg.pose.covariance[0]  = Sigma[[01;35m[K0[m[K, 0]
      |                                                [01;35m[K^[m[K
[01m[K/home/javier/puzzlebot_ws/src/EKFLocalization/src/EKFLozalization.cpp:264:7:[m[K [01;31m[Kerror: [m[Kexpected â€˜[01m[K;[m[Kâ€™ before â€˜[01m[Kodometry_msg[m[Kâ€™
  264 |       [01;31m[Kodometry_msg[m[K.pose.covariance[1]  = Sigma[0, 1]
      |       [01;31m[K^~~~~~~~~~~~[m[K
[01m[K/home/javier/puzzlebot_ws/src/EKFLocalization/src/EKFLozalization.cpp:[m[K In member function â€˜[01m[Kvoid EKFLocalization::Set_Previous()[m[Kâ€™:
[01m[K/home/javier/puzzlebot_ws/src/EKFLocalization/src/EKFLozalization.cpp:281:7:[m[K [01;31m[Kerror: [m[Kexpected â€˜[01m[K;[m[Kâ€™ before â€˜[01m[Kprev_Sigma[m[Kâ€™
  281 |       [01;31m[Kprev_Sigma[m[K = Sigma
      |       [01;31m[K^~~~~~~~~~[m[K
[01m[K/home/javier/puzzlebot_ws/src/EKFLocalization/src/EKFLozalization.cpp:[m[K In function â€˜[01m[Kvoid timer_callback()[m[Kâ€™:
[01m[K/home/javier/puzzlebot_ws/src/EKFLocalization/src/EKFLozalization.cpp:332:11:[m[K [01;31m[Kerror: [m[Kâ€˜[01m[Kfirst[m[Kâ€™ was not declared in this scope; did you mean â€˜[01m[KEigen::internal::first[m[Kâ€™?
  332 |       if ([01;31m[Kfirst[m[K){
      |           [01;31m[K^~~~~[m[K
      |           [32m[KEigen::internal::first[m[K
In file included from [01m[K/usr/include/eigen3/Eigen/Core:265[m[K,
                 from [01m[K/usr/include/eigen3/Eigen/Dense:1[m[K,
                 from [01m[K/home/javier/puzzlebot_ws/src/EKFLocalization/src/EKFLozalization.cpp:12[m[K:
[01m[K/usr/include/eigen3/Eigen/src/Core/util/IndexedViewHelper.h:81:23:[m[K [01;36m[Knote: [m[Kâ€˜[01m[KEigen::internal::first[m[Kâ€™ declared here
   81 | EIGEN_CONSTEXPR Index [01;36m[Kfirst[m[K(const T& x) EIGEN_NOEXCEPT { return x.first(); }
      |                       [01;36m[K^~~~~[m[K
[01m[K/home/javier/puzzlebot_ws/src/EKFLocalization/src/EKFLozalization.cpp:334:9:[m[K [01;31m[Kerror: [m[Kâ€˜[01m[Kstart_time[m[Kâ€™ was not declared in this scope; did you mean â€˜[01m[Kstrptime[m[Kâ€™?
  334 |         [01;31m[Kstart_time[m[K = this->get_clock()->now();
      |         [01;31m[K^~~~~~~~~~[m[K
      |         [32m[Kstrptime[m[K
[01m[K/home/javier/puzzlebot_ws/src/EKFLocalization/src/EKFLozalization.cpp:334:22:[m[K [01;31m[Kerror: [m[Kinvalid use of â€˜[01m[Kthis[m[Kâ€™ in non-member function
  334 |         start_time = [01;31m[Kthis[m[K->get_clock()->now();
      |                      [01;31m[K^~~~[m[K
[01m[K/home/javier/puzzlebot_ws/src/EKFLocalization/src/EKFLozalization.cpp:335:9:[m[K [01;31m[Kerror: [m[Kâ€˜[01m[Kcurrent_time[m[Kâ€™ was not declared in this scope
  335 |         [01;31m[Kcurrent_time[m[K = this->get_clock()->now();
      |         [01;31m[K^~~~~~~~~~~~[m[K
[01m[K/home/javier/puzzlebot_ws/src/EKFLocalization/src/EKFLozalization.cpp:335:24:[m[K [01;31m[Kerror: [m[Kinvalid use of â€˜[01m[Kthis[m[Kâ€™ in non-member function
  335 |         current_time = [01;31m[Kthis[m[K->get_clock()->now();
      |                        [01;31m[K^~~~[m[K
[01m[K/home/javier/puzzlebot_ws/src/EKFLocalization/src/EKFLozalization.cpp:336:9:[m[K [01;31m[Kerror: [m[Kâ€˜[01m[Klast_time[m[Kâ€™ was not declared in this scope; did you mean â€˜[01m[Kasctime[m[Kâ€™?
  336 |         [01;31m[Klast_time[m[K = this->get_clock()->now();
      |         [01;31m[K^~~~~~~~~[m[K
      |         [32m[Kasctime[m[K
[01m[K/home/javier/puzzlebot_ws/src/EKFLocalization/src/EKFLozalization.cpp:336:21:[m[K [01;31m[Kerror: [m[Kinvalid use of â€˜[01m[Kthis[m[Kâ€™ in non-member function
  336 |         last_time = [01;31m[Kthis[m[K->get_clock()->now();
      |                     [01;31m[K^~~~[m[K
[01m[K/home/javier/puzzlebot_ws/src/EKFLocalization/src/EKFLozalization.cpp:339:9:[m[K [01;31m[Kerror: [m[Kâ€˜[01m[Kcurrent_time[m[Kâ€™ was not declared in this scope
  339 |         [01;31m[Kcurrent_time[m[K = this->get_clock()->now();
      |         [01;31m[K^~~~~~~~~~~~[m[K
[01m[K/home/javier/puzzlebot_ws/src/EKFLocalization/src/EKFLozalization.cpp:339:24:[m[K [01;31m[Kerror: [m[Kinvalid use of â€˜[01m[Kthis[m[Kâ€™ in non-member function
  339 |         current_time = [01;31m[Kthis[m[K->get_clock()->now();
      |                        [01;31m[K^~~~[m[K
[01m[K/home/javier/puzzlebot_ws/src/EKFLocalization/src/EKFLozalization.cpp:340:9:[m[K [01;31m[Kerror: [m[Kâ€˜[01m[Kdt_[m[Kâ€™ was not declared in this scope
  340 |         [01;31m[Kdt_[m[K = current_time.seconds() - last_time.seconds();
      |         [01;31m[K^~~[m[K
[01m[K/home/javier/puzzlebot_ws/src/EKFLocalization/src/EKFLozalization.cpp:340:40:[m[K [01;31m[Kerror: [m[Kâ€˜[01m[Klast_time[m[Kâ€™ was not declared in this scope; did you mean â€˜[01m[Kasctime[m[Kâ€™?
  340 |         dt_ = current_time.seconds() - [01;31m[Klast_time[m[K.seconds();
      |                                        [01;31m[K^~~~~~~~~[m[K
      |                                        [32m[Kasctime[m[K
[01m[K/home/javier/puzzlebot_ws/src/EKFLocalization/src/EKFLozalization.cpp:341:20:[m[K [01;31m[Kerror: [m[Kâ€˜[01m[Ksample_time[m[Kâ€™ was not declared in this scope
  341 |         if (dt_ >= [01;31m[Ksample_time[m[K){
      |                    [01;31m[K^~~~~~~~~~~[m[K
[01m[K/home/javier/puzzlebot_ws/src/EKFLocalization/src/EKFLozalization.cpp:342:11:[m[K [01;31m[Kerror: [m[Kâ€˜[01m[KPoseEstimation[m[Kâ€™ was not declared in this scope
  342 |           [01;31m[KPoseEstimation[m[K(dt_,true);
      |           [01;31m[K^~~~~~~~~~~~~~[m[K
[01m[K/home/javier/puzzlebot_ws/src/EKFLocalization/src/EKFLozalization.cpp:[m[K At global scope:
[01m[K/home/javier/puzzlebot_ws/src/EKFLocalization/src/EKFLozalization.cpp:348:3:[m[K [01;31m[Kerror: [m[Kexpected unqualified-id before â€˜[01m[Kpublic[m[Kâ€™
  348 |   [01;31m[Kpublic[m[K:
      |   [01;31m[K^~~~~~[m[K
[01m[K/home/javier/puzzlebot_ws/src/EKFLocalization/src/EKFLozalization.cpp:372:1:[m[K [01;31m[Kerror: [m[Kexpected declaration before â€˜[01m[K}[m[Kâ€™ token
  372 | [01;31m[K}[m[K;
      | [01;31m[K^[m[K
[01m[K/home/javier/puzzlebot_ws/src/EKFLocalization/src/EKFLozalization.cpp:[m[K In function â€˜[01m[Kint main(int, char**)[m[Kâ€™:
[01m[K/home/javier/puzzlebot_ws/src/EKFLocalization/src/EKFLozalization.cpp:377:33:[m[K [01;31m[Kerror: [m[Kâ€˜[01m[KPuzzlebot_Odometry[m[Kâ€™ was not declared in this scope
  377 |   rclcpp::spin(std::make_shared<[01;31m[KPuzzlebot_Odometry[m[K>());
      |                                 [01;31m[K^~~~~~~~~~~~~~~~~~[m[K
[01m[K/home/javier/puzzlebot_ws/src/EKFLocalization/src/EKFLozalization.cpp:377:52:[m[K [01;31m[Kerror: [m[Kno matching function for call to â€˜[01m[Kmake_shared<<expression error> >()[m[Kâ€™
  377 |   rclcpp::spin([01;31m[Kstd::make_shared<Puzzlebot_Odometry>()[m[K);
      |                [01;31m[K~~~~~~~~~~~~~~~~~~~~~~~~~~~~~~~~~~~~^~[m[K
In file included from [01m[K/usr/include/c++/11/memory:77[m[K,
                 from [01m[K/home/javier/puzzlebot_ws/src/EKFLocalization/src/EKFLozalization.cpp:10[m[K:
[01m[K/usr/include/c++/11/bits/shared_ptr.h:875:5:[m[K [01;36m[Knote: [m[Kcandidate: â€˜[01m[Ktemplate<class _Tp, class ... _Args> std::shared_ptr<_Tp> std::make_shared(_Args&& ...)[m[Kâ€™
  875 |     [01;36m[Kmake_shared[m[K(_Args&&... __args)
      |     [01;36m[K^~~~~~~~~~~[m[K
[01m[K/usr/include/c++/11/bits/shared_ptr.h:875:5:[m[K [01;36m[Knote: [m[K  template argument deduction/substitution failed:
[01m[K/home/javier/puzzlebot_ws/src/EKFLocalization/src/EKFLozalization.cpp:377:52:[m[K [01;31m[Kerror: [m[Ktemplate argument 1 is invalid
  377 |   rclcpp::spin([01;31m[Kstd::make_shared<Puzzlebot_Odometry>()[m[K);
      |                [01;31m[K~~~~~~~~~~~~~~~~~~~~~~~~~~~~~~~~~~~~^~[m[K
In file included from [01m[K/usr/include/eigen3/Eigen/Core:164[m[K,
                 from [01m[K/usr/include/eigen3/Eigen/Dense:1[m[K,
                 from [01m[K/home/javier/puzzlebot_ws/src/EKFLocalization/src/EKFLozalization.cpp:12[m[K:
/usr/include/eigen3/Eigen/src/Core/DenseCoeffsBase.h: In instantiation of â€˜[01m[KEigen::DenseCoeffsBase<Derived, 1>::Scalar& Eigen::DenseCoeffsBase<Derived, 1>::operator[](Eigen::Index) [with Derived = Eigen::Matrix<float, 3, 3>; Eigen::DenseCoeffsBase<Derived, 1>::Scalar = float; Eigen::Index = long int][m[Kâ€™:
[01m[K/home/javier/puzzlebot_ws/src/EKFLocalization/src/EKFLozalization.cpp:263:52:[m[K   required from here
[01m[K/usr/include/eigen3/Eigen/src/Core/DenseCoeffsBase.h:408:7:[m[K [01;31m[Kerror: [m[Kstatic assertion failed: THE_BRACKET_OPERATOR_IS_ONLY_FOR_VECTORS__USE_THE_PARENTHESIS_OPERATOR_INSTEAD
  408 |       [01;31m[KEIGEN_STATIC_ASSERT[m[K(Derived::IsVectorAtCompileTime,
      |       [01;31m[K^~~~~~~~~~~~~~~~~~~[m[K
[01m[K/usr/include/eigen3/Eigen/src/Core/DenseCoeffsBase.h:408:7:[m[K [01;36m[Knote: [m[Kâ€˜[01m[KEigen::Matrix<float, 3, 3>::IsVectorAtCompileTime[m[Kâ€™ evaluates to false
gmake[2]: *** [CMakeFiles/EKFLozalization.dir/build.make:76: CMakeFiles/EKFLozalization.dir/src/EKFLozalization.cpp.o] Error 1
gmake[1]: *** [CMakeFiles/Makefile2:137: CMakeFiles/EKFLozalization.dir/all] Error 2
gmake: *** [Makefile:146: all] Error 2
