[01m[K/home/javier/puzzlebot_ws/src/EKFLocalization/src/EKFLozalization.cpp:284:10:[m[K [01;31m[Kerror: [m[Kbit-field â€˜[01m[Kvoid EKFLocalization::PoseEstimation(float, bool)[m[Kâ€™ has non-integral type â€˜[01m[Kvoid (EKFLocalization::)(float, bool)[m[Kâ€™
  284 |     void [01;31m[KPoseEstimation[m[K(float dt_, bool landmark_status):
      |          [01;31m[K^~~~~~~~~~~~~~[m[K
[01m[K/home/javier/puzzlebot_ws/src/EKFLocalization/src/EKFLozalization.cpp:291:18:[m[K [01;31m[Kerror: [m[Kexpected identifier before numeric constant
  291 |         z_static([01;31m[K0[m[K) = 0.0;// landmark_pos(0);
      |                  [01;31m[K^[m[K
[01m[K/home/javier/puzzlebot_ws/src/EKFLocalization/src/EKFLozalization.cpp:291:18:[m[K [01;31m[Kerror: [m[Kexpected â€˜[01m[K,[m[Kâ€™ or â€˜[01m[K...[m[Kâ€™ before numeric constant
[01m[K/home/javier/puzzlebot_ws/src/EKFLocalization/src/EKFLozalization.cpp:291:26:[m[K [01;31m[Kerror: [m[Kinvalid pure specifier (only â€˜[01m[K= 0[m[Kâ€™ is allowed) before â€˜[01m[K;[m[Kâ€™ token
  291 |         z_static(0) = 0.0[01;31m[K;[m[K// landmark_pos(0);
      |                          [01;31m[K^[m[K
[01m[K/home/javier/puzzlebot_ws/src/EKFLocalization/src/EKFLozalization.cpp:291:9:[m[K [01;31m[Kerror: [m[KISO C++ forbids declaration of â€˜[01m[Kz_static[m[Kâ€™ with no type [[01;31m[K]8;;https://gcc.gnu.org/onlinedocs/gcc/Warning-Options.html#index-fpermissive-fpermissive]8;;[m[K]
  291 |         [01;31m[Kz_static[m[K(0) = 0.0;// landmark_pos(0);
      |         [01;31m[K^~~~~~~~[m[K
[01m[K/home/javier/puzzlebot_ws/src/EKFLocalization/src/EKFLozalization.cpp:291:26:[m[K [01;31m[Kerror: [m[Kâ€˜[01m[Kint EKFLocalization::z_static(int)[m[Kâ€™ conflicts with a previous declaration
  291 |         z_static(0) = 0.0[01;31m[K;[m[K// landmark_pos(0);
      |                          [01;31m[K^[m[K
[01m[K/home/javier/puzzlebot_ws/src/EKFLocalization/src/EKFLozalization.cpp:64:21:[m[K [01;36m[Knote: [m[Kprevious declaration â€˜[01m[KEigen::Vector2f EKFLocalization::z_static[m[Kâ€™
   64 |     Eigen::Vector2f [01;36m[Kz_static[m[K = Eigen::Vector2f::Zero();
      |                     [01;36m[K^~~~~~~~[m[K
[01m[K/home/javier/puzzlebot_ws/src/EKFLocalization/src/EKFLozalization.cpp:292:18:[m[K [01;31m[Kerror: [m[Kexpected identifier before numeric constant
  292 |         z_static([01;31m[K1[m[K) = 0.0; //landmark_pos(1);
      |                  [01;31m[K^[m[K
[01m[K/home/javier/puzzlebot_ws/src/EKFLocalization/src/EKFLozalization.cpp:292:18:[m[K [01;31m[Kerror: [m[Kexpected â€˜[01m[K,[m[Kâ€™ or â€˜[01m[K...[m[Kâ€™ before numeric constant
[01m[K/home/javier/puzzlebot_ws/src/EKFLocalization/src/EKFLozalization.cpp:292:26:[m[K [01;31m[Kerror: [m[Kinvalid pure specifier (only â€˜[01m[K= 0[m[Kâ€™ is allowed) before â€˜[01m[K;[m[Kâ€™ token
  292 |         z_static(1) = 0.0[01;31m[K;[m[K //landmark_pos(1);
      |                          [01;31m[K^[m[K
[01m[K/home/javier/puzzlebot_ws/src/EKFLocalization/src/EKFLozalization.cpp:292:9:[m[K [01;31m[Kerror: [m[KISO C++ forbids declaration of â€˜[01m[Kz_static[m[Kâ€™ with no type [[01;31m[K]8;;https://gcc.gnu.org/onlinedocs/gcc/Warning-Options.html#index-fpermissive-fpermissive]8;;[m[K]
  292 |         [01;31m[Kz_static[m[K(1) = 0.0; //landmark_pos(1);
      |         [01;31m[K^~~~~~~~[m[K
[01m[K/home/javier/puzzlebot_ws/src/EKFLocalization/src/EKFLozalization.cpp:292:26:[m[K [01;31m[Kerror: [m[Kâ€˜[01m[Kint EKFLocalization::z_static(int)[m[Kâ€™ conflicts with a previous declaration
  292 |         z_static(1) = 0.0[01;31m[K;[m[K //landmark_pos(1);
      |                          [01;31m[K^[m[K
[01m[K/home/javier/puzzlebot_ws/src/EKFLocalization/src/EKFLozalization.cpp:64:21:[m[K [01;36m[Knote: [m[Kprevious declaration â€˜[01m[KEigen::Vector2f EKFLocalization::z_static[m[Kâ€™
   64 |     Eigen::Vector2f [01;36m[Kz_static[m[K = Eigen::Vector2f::Zero();
      |                     [01;36m[K^~~~~~~~[m[K
[01m[K/home/javier/puzzlebot_ws/src/EKFLocalization/src/EKFLozalization.cpp:302:9:[m[K [01;31m[Kerror: [m[Kâ€˜[01m[Kkl[m[Kâ€™ does not name a type
  302 |         [01;31m[Kkl[m[K = 0.0; //calibrated_klr(0);
      |         [01;31m[K^~[m[K
[01m[K/home/javier/puzzlebot_ws/src/EKFLocalization/src/EKFLozalization.cpp:303:9:[m[K [01;31m[Kerror: [m[Kâ€˜[01m[Kkr[m[Kâ€™ does not name a type
  303 |         [01;31m[Kkr[m[K = 0.0; //calibrated_klr(1);
      |         [01;31m[K^~[m[K
[01m[K/home/javier/puzzlebot_ws/src/EKFLocalization/src/EKFLozalization.cpp:305:11:[m[K [01;31m[Kerror: [m[Kexpected identifier before numeric constant
  305 |         R([01;31m[K0[m[K,0) = 0.1;
      |           [01;31m[K^[m[K
[01m[K/home/javier/puzzlebot_ws/src/EKFLocalization/src/EKFLozalization.cpp:305:11:[m[K [01;31m[Kerror: [m[Kexpected â€˜[01m[K,[m[Kâ€™ or â€˜[01m[K...[m[Kâ€™ before numeric constant
[01m[K/home/javier/puzzlebot_ws/src/EKFLocalization/src/EKFLozalization.cpp:305:21:[m[K [01;31m[Kerror: [m[Kinvalid pure specifier (only â€˜[01m[K= 0[m[Kâ€™ is allowed) before â€˜[01m[K;[m[Kâ€™ token
  305 |         R(0,0) = 0.1[01;31m[K;[m[K
      |                     [01;31m[K^[m[K
[01m[K/home/javier/puzzlebot_ws/src/EKFLocalization/src/EKFLozalization.cpp:305:9:[m[K [01;31m[Kerror: [m[KISO C++ forbids declaration of â€˜[01m[KR[m[Kâ€™ with no type [[01;31m[K]8;;https://gcc.gnu.org/onlinedocs/gcc/Warning-Options.html#index-fpermissive-fpermissive]8;;[m[K]
  305 |         [01;31m[KR[m[K(0,0) = 0.1;
      |         [01;31m[K^[m[K
[01m[K/home/javier/puzzlebot_ws/src/EKFLocalization/src/EKFLozalization.cpp:305:21:[m[K [01;31m[Kerror: [m[Kâ€˜[01m[Kint EKFLocalization::R(int)[m[Kâ€™ conflicts with a previous declaration
  305 |         R(0,0) = 0.1[01;31m[K;[m[K
      |                     [01;31m[K^[m[K
[01m[K/home/javier/puzzlebot_ws/src/EKFLocalization/src/EKFLozalization.cpp:83:21:[m[K [01;36m[Knote: [m[Kprevious declaration â€˜[01m[KEigen::Matrix2f EKFLocalization::R[m[Kâ€™
   83 |     Eigen::Matrix2f [01;36m[KR[m[K = Eigen::Matrix2f::Zero();    // Current Robot Observation Noise Covariance Matrix
      |                     [01;36m[K^[m[K
[01m[K/home/javier/puzzlebot_ws/src/EKFLocalization/src/EKFLozalization.cpp:306:11:[m[K [01;31m[Kerror: [m[Kexpected identifier before numeric constant
  306 |         R([01;31m[K1[m[K,1) = 0.2;
      |           [01;31m[K^[m[K
[01m[K/home/javier/puzzlebot_ws/src/EKFLocalization/src/EKFLozalization.cpp:306:11:[m[K [01;31m[Kerror: [m[Kexpected â€˜[01m[K,[m[Kâ€™ or â€˜[01m[K...[m[Kâ€™ before numeric constant
[01m[K/home/javier/puzzlebot_ws/src/EKFLocalization/src/EKFLozalization.cpp:306:21:[m[K [01;31m[Kerror: [m[Kinvalid pure specifier (only â€˜[01m[K= 0[m[Kâ€™ is allowed) before â€˜[01m[K;[m[Kâ€™ token
  306 |         R(1,1) = 0.2[01;31m[K;[m[K
      |                     [01;31m[K^[m[K
[01m[K/home/javier/puzzlebot_ws/src/EKFLocalization/src/EKFLozalization.cpp:306:9:[m[K [01;31m[Kerror: [m[KISO C++ forbids declaration of â€˜[01m[KR[m[Kâ€™ with no type [[01;31m[K]8;;https://gcc.gnu.org/onlinedocs/gcc/Warning-Options.html#index-fpermissive-fpermissive]8;;[m[K]
  306 |         [01;31m[KR[m[K(1,1) = 0.2;
      |         [01;31m[K^[m[K
[01m[K/home/javier/puzzlebot_ws/src/EKFLocalization/src/EKFLozalization.cpp:306:21:[m[K [01;31m[Kerror: [m[Kâ€˜[01m[Kint EKFLocalization::R(int)[m[Kâ€™ conflicts with a previous declaration
  306 |         R(1,1) = 0.2[01;31m[K;[m[K
      |                     [01;31m[K^[m[K
[01m[K/home/javier/puzzlebot_ws/src/EKFLocalization/src/EKFLozalization.cpp:83:21:[m[K [01;36m[Knote: [m[Kprevious declaration â€˜[01m[KEigen::Matrix2f EKFLocalization::R[m[Kâ€™
   83 |     Eigen::Matrix2f [01;36m[KR[m[K = Eigen::Matrix2f::Zero();    // Current Robot Observation Noise Covariance Matrix
      |                     [01;36m[K^[m[K
[01m[K/home/javier/puzzlebot_ws/src/EKFLocalization/src/EKFLozalization.cpp:309:9:[m[K [01;31m[Kerror: [m[Kâ€˜[01m[Kdt[m[Kâ€™ does not name a type
  309 |         [01;31m[Kdt[m[K = dt_;
      |         [01;31m[K^~[m[K
[01m[K/home/javier/puzzlebot_ws/src/EKFLocalization/src/EKFLozalization.cpp:311:9:[m[K [01;31m[Kerror: [m[KISO C++ forbids declaration of â€˜[01m[KEstimate_Q[m[Kâ€™ with no type [[01;31m[K]8;;https://gcc.gnu.org/onlinedocs/gcc/Warning-Options.html#index-fpermissive-fpermissive]8;;[m[K]
  311 |         [01;31m[KEstimate_Q[m[K()
      |         [01;31m[K^~~~~~~~~~[m[K
[01m[K/home/javier/puzzlebot_ws/src/EKFLocalization/src/EKFLozalization.cpp:311:20:[m[K [01;31m[Kerror: [m[Kexpected â€˜[01m[K;[m[Kâ€™ at end of member declaration
  311 |         Estimate_Q([01;31m[K)[m[K
      |                    [01;31m[K^[m[K
      |                     [32m[K;[m[K
[01m[K/home/javier/puzzlebot_ws/src/EKFLocalization/src/EKFLozalization.cpp:312:9:[m[K [01;31m[Kerror: [m[Kâ€˜[01m[KQ[m[Kâ€™ does not name a type
  312 |         [01;31m[KQ[m[K = np.array([[0.5, 0.01, 0.01],
      |         [01;31m[K^[m[K
[01m[K/home/javier/puzzlebot_ws/src/EKFLocalization/src/EKFLozalization.cpp:317:9:[m[K [01;31m[Kerror: [m[KISO C++ forbids declaration of â€˜[01m[KCalc_Gradient_h[m[Kâ€™ with no type [[01;31m[K]8;;https://gcc.gnu.org/onlinedocs/gcc/Warning-Options.html#index-fpermissive-fpermissive]8;;[m[K]
  317 |         [01;31m[KCalc_Gradient_h[m[K(); // Pose Model linerization
      |         [01;31m[K^~~~~~~~~~~~~~~[m[K
[01m[K/home/javier/puzzlebot_ws/src/EKFLocalization/src/EKFLozalization.cpp:318:9:[m[K [01;31m[Kerror: [m[KISO C++ forbids declaration of â€˜[01m[KCalc_SigmaHat[m[Kâ€™ with no type [[01;31m[K]8;;https://gcc.gnu.org/onlinedocs/gcc/Warning-Options.html#index-fpermissive-fpermissive]8;;[m[K]
  318 |         [01;31m[KCalc_SigmaHat[m[K(); // Uncertainty of Ideal calculated pose
      |         [01;31m[K^~~~~~~~~~~~~[m[K
[01m[K/home/javier/puzzlebot_ws/src/EKFLocalization/src/EKFLozalization.cpp:319:9:[m[K [01;31m[Kerror: [m[Kexpected unqualified-id before â€˜[01m[Kif[m[Kâ€™
  319 |         [01;31m[Kif[m[K (landmark_status){
      |         [01;31m[K^~[m[K
[01m[K/home/javier/puzzlebot_ws/src/EKFLocalization/src/EKFLozalization.cpp:328:6:[m[K [01;31m[Kerror: [m[Kexpected â€˜[01m[K;[m[Kâ€™ after class definition
  328 |     }
      |      [01;31m[K^[m[K
      |      [32m[K;[m[K
[01m[K/home/javier/puzzlebot_ws/src/EKFLocalization/src/EKFLozalization.cpp:[m[K In member function â€˜[01m[Kvoid EKFLocalization::control_callback(geometry_msgs::msg::Twist_<std::allocator<void> >::SharedPtr)[m[Kâ€™:
[01m[K/home/javier/puzzlebot_ws/src/EKFLocalization/src/EKFLozalization.cpp:124:30:[m[K [01;31m[Kerror: [m[Kbase operand of â€˜[01m[K->[m[Kâ€™ has non-pointer type â€˜[01m[Kgeometry_msgs::msg::Twist_<std::allocator<void> >::_linear_type[m[Kâ€™ {aka â€˜[01m[Kgeometry_msgs::msg::Vector3_<std::allocator<void> >[m[Kâ€™}
  124 |       this->v_k = msg->linear[01;31m[K->[m[Kx;
      |                              [01;31m[K^~[m[K
[01m[K/home/javier/puzzlebot_ws/src/EKFLocalization/src/EKFLozalization.cpp:125:31:[m[K [01;31m[Kerror: [m[Kbase operand of â€˜[01m[K->[m[Kâ€™ has non-pointer type â€˜[01m[Kgeometry_msgs::msg::Twist_<std::allocator<void> >::_angular_type[m[Kâ€™ {aka â€˜[01m[Kgeometry_msgs::msg::Vector3_<std::allocator<void> >[m[Kâ€™}
  125 |       this->w_k = msg->angular[01;31m[K->[m[Kz;
      |                               [01;31m[K^~[m[K
[01m[K/home/javier/puzzlebot_ws/src/EKFLocalization/src/EKFLozalization.cpp:[m[K In member function â€˜[01m[Kfloat EKFLocalization::wrap_to_pi(float&)[m[Kâ€™:
[01m[K/home/javier/puzzlebot_ws/src/EKFLocalization/src/EKFLozalization.cpp:133:24:[m[K [01;31m[Kerror: [m[Kâ€˜[01m[Kstd::numbers[m[Kâ€™ has not been declared
  133 |       if (theta > std::[01;31m[Knumbers[m[K::pi){
      |                        [01;31m[K^~~~~~~[m[K
[01m[K/home/javier/puzzlebot_ws/src/EKFLocalization/src/EKFLozalization.cpp:134:34:[m[K [01;31m[Kerror: [m[Kâ€˜[01m[Kstd::numbers[m[Kâ€™ has not been declared
  134 |         theta = theta - 2 * std::[01;31m[Knumbers[m[K::pi;
      |                                  [01;31m[K^~~~~~~[m[K
[01m[K/home/javier/puzzlebot_ws/src/EKFLocalization/src/EKFLozalization.cpp:136:29:[m[K [01;31m[Kerror: [m[Kâ€˜[01m[Kstd::numbers[m[Kâ€™ has not been declared
  136 |       else if (theta < std::[01;31m[Knumbers[m[K::pi){
      |                             [01;31m[K^~~~~~~[m[K
[01m[K/home/javier/puzzlebot_ws/src/EKFLocalization/src/EKFLozalization.cpp:137:34:[m[K [01;31m[Kerror: [m[Kâ€˜[01m[Kstd::numbers[m[Kâ€™ has not been declared
  137 |         theta = theta + 2 * std::[01;31m[Knumbers[m[K::pi;
      |                                  [01;31m[K^~~~~~~[m[K
[01m[K/home/javier/puzzlebot_ws/src/EKFLocalization/src/EKFLozalization.cpp:[m[K In member function â€˜[01m[Kvoid EKFLocalization::calc_SigmaD()[m[Kâ€™:
[01m[K/home/javier/puzzlebot_ws/src/EKFLocalization/src/EKFLozalization.cpp:164:7:[m[K [01;31m[Kerror: [m[Kâ€˜[01m[KsigmaD[m[Kâ€™ was not declared in this scope; did you mean â€˜[01m[KSigmaD[m[Kâ€™?
  164 |       [01;31m[KsigmaD[m[K(0,0) = kr * std::abs(wR);
      |       [01;31m[K^~~~~~[m[K
      |       [32m[KSigmaD[m[K
[01m[K/home/javier/puzzlebot_ws/src/EKFLocalization/src/EKFLozalization.cpp:164:21:[m[K [01;31m[Kerror: [m[Kâ€˜[01m[Kkr[m[Kâ€™ was not declared in this scope; did you mean â€˜[01m[KkR[m[Kâ€™?
  164 |       sigmaD(0,0) = [01;31m[Kkr[m[K * std::abs(wR);
      |                     [01;31m[K^~[m[K
      |                     [32m[KkR[m[K
[01m[K/home/javier/puzzlebot_ws/src/EKFLocalization/src/EKFLozalization.cpp:165:21:[m[K [01;31m[Kerror: [m[Kâ€˜[01m[Kkl[m[Kâ€™ was not declared in this scope; did you mean â€˜[01m[KkL[m[Kâ€™?
  165 |       sigmaD(1,1) = [01;31m[Kkl[m[K * std::abs(wL);
      |                     [01;31m[K^~[m[K
      |                     [32m[KkL[m[K
[01m[K/home/javier/puzzlebot_ws/src/EKFLocalization/src/EKFLozalization.cpp:[m[K In member function â€˜[01m[Kvoid EKFLocalization::calc_zHat()[m[Kâ€™:
[01m[K/home/javier/puzzlebot_ws/src/EKFLocalization/src/EKFLozalization.cpp:195:30:[m[K [01;31m[Kerror: [m[Kcannot bind non-const lvalue reference of type â€˜[01m[Kfloat&[m[Kâ€™ to an rvalue of type â€˜[01m[Kfloat[m[Kâ€™
  195 |       z(1) = wrap_to_pi([01;31m[Katan2(delta_zy,delta_zx)[m[K);
      |                         [01;31m[K~~~~~^~~~~~~~~~~~~~~~~~~[m[K
[01m[K/home/javier/puzzlebot_ws/src/EKFLocalization/src/EKFLozalization.cpp:132:29:[m[K [01;36m[Knote: [m[K  initializing argument 1 of â€˜[01m[Kfloat EKFLocalization::wrap_to_pi(float&)[m[Kâ€™
  132 |     float wrap_to_pi([01;36m[Kfloat& theta[m[K){
      |                      [01;36m[K~~~~~~~^~~~~[m[K
[01m[K/home/javier/puzzlebot_ws/src/EKFLocalization/src/EKFLozalization.cpp:[m[K In member function â€˜[01m[Kvoid EKFLocalization::calc_Z()[m[Kâ€™:
[01m[K/home/javier/puzzlebot_ws/src/EKFLocalization/src/EKFLozalization.cpp:208:23:[m[K [01;31m[Kerror: [m[Kâ€˜[01m[Kg[m[Kâ€™ was not declared in this scope
  208 |       Z = G * Sigma * [01;31m[Kg[m[K.transpose() + R;
      |                       [01;31m[K^[m[K
[01m[K/home/javier/puzzlebot_ws/src/EKFLocalization/src/EKFLozalization.cpp:[m[K In member function â€˜[01m[Kvoid EKFLocalization::calc_Sigma()[m[Kâ€™:
[01m[K/home/javier/puzzlebot_ws/src/EKFLocalization/src/EKFLozalization.cpp:221:24:[m[K [01;31m[Kerror: [m[Kâ€˜[01m[Kk[m[Kâ€™ was not declared in this scope
  221 |       Sigma = (I_3x3 - [01;31m[Kk[m[K * G) * Sigma;
      |                        [01;31m[K^[m[K
[01m[K/home/javier/puzzlebot_ws/src/EKFLocalization/src/EKFLozalization.cpp:[m[K In member function â€˜[01m[Kvoid EKFLocalization::publish_result()[m[Kâ€™:
[01m[K/home/javier/puzzlebot_ws/src/EKFLocalization/src/EKFLozalization.cpp:262:48:[m[K [01;35m[Kwarning: [m[Kleft operand of comma operator has no effect [[01;35m[K]8;;https://gcc.gnu.org/onlinedocs/gcc/Warning-Options.html#index-Wunused-value-Wunused-value]8;;[m[K]
  262 |       odometry_msg.pose.covariance[0]  = Sigma[[01;35m[K0[m[K, 0]
      |                                                [01;35m[K^[m[K
[01m[K/home/javier/puzzlebot_ws/src/EKFLocalization/src/EKFLozalization.cpp:263:7:[m[K [01;31m[Kerror: [m[Kexpected â€˜[01m[K;[m[Kâ€™ before â€˜[01m[Kodometry_msg[m[Kâ€™
  263 |       [01;31m[Kodometry_msg[m[K.pose.covariance[1]  = Sigma[0, 1]
      |       [01;31m[K^~~~~~~~~~~~[m[K
[01m[K/home/javier/puzzlebot_ws/src/EKFLocalization/src/EKFLozalization.cpp:[m[K In member function â€˜[01m[Kvoid EKFLocalization::Set_Previous()[m[Kâ€™:
[01m[K/home/javier/puzzlebot_ws/src/EKFLocalization/src/EKFLozalization.cpp:280:7:[m[K [01;31m[Kerror: [m[Kexpected â€˜[01m[K;[m[Kâ€™ before â€˜[01m[Kprev_Sigma[m[Kâ€™
  280 |       [01;31m[Kprev_Sigma[m[K = Sigma
      |       [01;31m[K^~~~~~~~~~[m[K
[01m[K/home/javier/puzzlebot_ws/src/EKFLocalization/src/EKFLozalization.cpp:[m[K In function â€˜[01m[Kvoid timer_callback()[m[Kâ€™:
[01m[K/home/javier/puzzlebot_ws/src/EKFLocalization/src/EKFLozalization.cpp:331:11:[m[K [01;31m[Kerror: [m[Kâ€˜[01m[Kfirst[m[Kâ€™ was not declared in this scope; did you mean â€˜[01m[KEigen::internal::first[m[Kâ€™?
  331 |       if ([01;31m[Kfirst[m[K){
      |           [01;31m[K^~~~~[m[K
      |           [32m[KEigen::internal::first[m[K
In file included from [01m[K/usr/include/eigen3/Eigen/Core:265[m[K,
                 from [01m[K/usr/include/eigen3/Eigen/Dense:1[m[K,
                 from [01m[K/home/javier/puzzlebot_ws/src/EKFLocalization/src/EKFLozalization.cpp:12[m[K:
[01m[K/usr/include/eigen3/Eigen/src/Core/util/IndexedViewHelper.h:81:23:[m[K [01;36m[Knote: [m[Kâ€˜[01m[KEigen::internal::first[m[Kâ€™ declared here
   81 | EIGEN_CONSTEXPR Index [01;36m[Kfirst[m[K(const T& x) EIGEN_NOEXCEPT { return x.first(); }
      |                       [01;36m[K^~~~~[m[K
[01m[K/home/javier/puzzlebot_ws/src/EKFLocalization/src/EKFLozalization.cpp:333:9:[m[K [01;31m[Kerror: [m[Kâ€˜[01m[Kstart_time[m[Kâ€™ was not declared in this scope; did you mean â€˜[01m[Kstrptime[m[Kâ€™?
  333 |         [01;31m[Kstart_time[m[K = this->get_clock()->now();
      |         [01;31m[K^~~~~~~~~~[m[K
      |         [32m[Kstrptime[m[K
[01m[K/home/javier/puzzlebot_ws/src/EKFLocalization/src/EKFLozalization.cpp:333:22:[m[K [01;31m[Kerror: [m[Kinvalid use of â€˜[01m[Kthis[m[Kâ€™ in non-member function
  333 |         start_time = [01;31m[Kthis[m[K->get_clock()->now();
      |                      [01;31m[K^~~~[m[K
[01m[K/home/javier/puzzlebot_ws/src/EKFLocalization/src/EKFLozalization.cpp:334:9:[m[K [01;31m[Kerror: [m[Kâ€˜[01m[Kcurrent_time[m[Kâ€™ was not declared in this scope
  334 |         [01;31m[Kcurrent_time[m[K = this->get_clock()->now();
      |         [01;31m[K^~~~~~~~~~~~[m[K
[01m[K/home/javier/puzzlebot_ws/src/EKFLocalization/src/EKFLozalization.cpp:334:24:[m[K [01;31m[Kerror: [m[Kinvalid use of â€˜[01m[Kthis[m[Kâ€™ in non-member function
  334 |         current_time = [01;31m[Kthis[m[K->get_clock()->now();
      |                        [01;31m[K^~~~[m[K
[01m[K/home/javier/puzzlebot_ws/src/EKFLocalization/src/EKFLozalization.cpp:335:9:[m[K [01;31m[Kerror: [m[Kâ€˜[01m[Klast_time[m[Kâ€™ was not declared in this scope; did you mean â€˜[01m[Kasctime[m[Kâ€™?
  335 |         [01;31m[Klast_time[m[K = this->get_clock()->now();
      |         [01;31m[K^~~~~~~~~[m[K
      |         [32m[Kasctime[m[K
[01m[K/home/javier/puzzlebot_ws/src/EKFLocalization/src/EKFLozalization.cpp:335:21:[m[K [01;31m[Kerror: [m[Kinvalid use of â€˜[01m[Kthis[m[Kâ€™ in non-member function
  335 |         last_time = [01;31m[Kthis[m[K->get_clock()->now();
      |                     [01;31m[K^~~~[m[K
[01m[K/home/javier/puzzlebot_ws/src/EKFLocalization/src/EKFLozalization.cpp:338:9:[m[K [01;31m[Kerror: [m[Kâ€˜[01m[Kcurrent_time[m[Kâ€™ was not declared in this scope
  338 |         [01;31m[Kcurrent_time[m[K = this->get_clock()->now();
      |         [01;31m[K^~~~~~~~~~~~[m[K
[01m[K/home/javier/puzzlebot_ws/src/EKFLocalization/src/EKFLozalization.cpp:338:24:[m[K [01;31m[Kerror: [m[Kinvalid use of â€˜[01m[Kthis[m[Kâ€™ in non-member function
  338 |         current_time = [01;31m[Kthis[m[K->get_clock()->now();
      |                        [01;31m[K^~~~[m[K
[01m[K/home/javier/puzzlebot_ws/src/EKFLocalization/src/EKFLozalization.cpp:339:9:[m[K [01;31m[Kerror: [m[Kâ€˜[01m[Kdt_[m[Kâ€™ was not declared in this scope
  339 |         [01;31m[Kdt_[m[K = current_time.seconds() - last_time.seconds();
      |         [01;31m[K^~~[m[K
[01m[K/home/javier/puzzlebot_ws/src/EKFLocalization/src/EKFLozalization.cpp:339:40:[m[K [01;31m[Kerror: [m[Kâ€˜[01m[Klast_time[m[Kâ€™ was not declared in this scope; did you mean â€˜[01m[Kasctime[m[Kâ€™?
  339 |         dt_ = current_time.seconds() - [01;31m[Klast_time[m[K.seconds();
      |                                        [01;31m[K^~~~~~~~~[m[K
      |                                        [32m[Kasctime[m[K
[01m[K/home/javier/puzzlebot_ws/src/EKFLocalization/src/EKFLozalization.cpp:340:20:[m[K [01;31m[Kerror: [m[Kâ€˜[01m[Ksample_time[m[Kâ€™ was not declared in this scope
  340 |         if (dt_ >= [01;31m[Ksample_time[m[K){
      |                    [01;31m[K^~~~~~~~~~~[m[K
[01m[K/home/javier/puzzlebot_ws/src/EKFLocalization/src/EKFLozalization.cpp:341:11:[m[K [01;31m[Kerror: [m[Kâ€˜[01m[KPoseEstimation[m[Kâ€™ was not declared in this scope
  341 |           [01;31m[KPoseEstimation[m[K(dt_,true);
      |           [01;31m[K^~~~~~~~~~~~~~[m[K
[01m[K/home/javier/puzzlebot_ws/src/EKFLocalization/src/EKFLozalization.cpp:[m[K At global scope:
[01m[K/home/javier/puzzlebot_ws/src/EKFLocalization/src/EKFLozalization.cpp:347:3:[m[K [01;31m[Kerror: [m[Kexpected unqualified-id before â€˜[01m[Kpublic[m[Kâ€™
  347 |   [01;31m[Kpublic[m[K:
      |   [01;31m[K^~~~~~[m[K
[01m[K/home/javier/puzzlebot_ws/src/EKFLocalization/src/EKFLozalization.cpp:371:1:[m[K [01;31m[Kerror: [m[Kexpected declaration before â€˜[01m[K}[m[Kâ€™ token
  371 | [01;31m[K}[m[K;
      | [01;31m[K^[m[K
[01m[K/home/javier/puzzlebot_ws/src/EKFLocalization/src/EKFLozalization.cpp:[m[K In function â€˜[01m[Kint main(int, char**)[m[Kâ€™:
[01m[K/home/javier/puzzlebot_ws/src/EKFLocalization/src/EKFLozalization.cpp:376:33:[m[K [01;31m[Kerror: [m[Kâ€˜[01m[KPuzzlebot_Odometry[m[Kâ€™ was not declared in this scope
  376 |   rclcpp::spin(std::make_shared<[01;31m[KPuzzlebot_Odometry[m[K>());
      |                                 [01;31m[K^~~~~~~~~~~~~~~~~~[m[K
[01m[K/home/javier/puzzlebot_ws/src/EKFLocalization/src/EKFLozalization.cpp:376:52:[m[K [01;31m[Kerror: [m[Kno matching function for call to â€˜[01m[Kmake_shared<<expression error> >()[m[Kâ€™
  376 |   rclcpp::spin([01;31m[Kstd::make_shared<Puzzlebot_Odometry>()[m[K);
      |                [01;31m[K~~~~~~~~~~~~~~~~~~~~~~~~~~~~~~~~~~~~^~[m[K
In file included from [01m[K/usr/include/c++/11/memory:77[m[K,
                 from [01m[K/home/javier/puzzlebot_ws/src/EKFLocalization/src/EKFLozalization.cpp:10[m[K:
[01m[K/usr/include/c++/11/bits/shared_ptr.h:875:5:[m[K [01;36m[Knote: [m[Kcandidate: â€˜[01m[Ktemplate<class _Tp, class ... _Args> std::shared_ptr<_Tp> std::make_shared(_Args&& ...)[m[Kâ€™
  875 |     [01;36m[Kmake_shared[m[K(_Args&&... __args)
      |     [01;36m[K^~~~~~~~~~~[m[K
[01m[K/usr/include/c++/11/bits/shared_ptr.h:875:5:[m[K [01;36m[Knote: [m[K  template argument deduction/substitution failed:
[01m[K/home/javier/puzzlebot_ws/src/EKFLocalization/src/EKFLozalization.cpp:376:52:[m[K [01;31m[Kerror: [m[Ktemplate argument 1 is invalid
  376 |   rclcpp::spin([01;31m[Kstd::make_shared<Puzzlebot_Odometry>()[m[K);
      |                [01;31m[K~~~~~~~~~~~~~~~~~~~~~~~~~~~~~~~~~~~~^~[m[K
In file included from [01m[K/usr/include/eigen3/Eigen/Core:164[m[K,
                 from [01m[K/usr/include/eigen3/Eigen/Dense:1[m[K,
                 from [01m[K/home/javier/puzzlebot_ws/src/EKFLocalization/src/EKFLozalization.cpp:12[m[K:
/usr/include/eigen3/Eigen/src/Core/DenseCoeffsBase.h: In instantiation of â€˜[01m[KEigen::DenseCoeffsBase<Derived, 1>::Scalar& Eigen::DenseCoeffsBase<Derived, 1>::operator[](Eigen::Index) [with Derived = Eigen::Matrix<float, 3, 3>; Eigen::DenseCoeffsBase<Derived, 1>::Scalar = float; Eigen::Index = long int][m[Kâ€™:
[01m[K/home/javier/puzzlebot_ws/src/EKFLocalization/src/EKFLozalization.cpp:262:52:[m[K   required from here
[01m[K/usr/include/eigen3/Eigen/src/Core/DenseCoeffsBase.h:408:7:[m[K [01;31m[Kerror: [m[Kstatic assertion failed: THE_BRACKET_OPERATOR_IS_ONLY_FOR_VECTORS__USE_THE_PARENTHESIS_OPERATOR_INSTEAD
  408 |       [01;31m[KEIGEN_STATIC_ASSERT[m[K(Derived::IsVectorAtCompileTime,
      |       [01;31m[K^~~~~~~~~~~~~~~~~~~[m[K
[01m[K/usr/include/eigen3/Eigen/src/Core/DenseCoeffsBase.h:408:7:[m[K [01;36m[Knote: [m[Kâ€˜[01m[KEigen::Matrix<float, 3, 3>::IsVectorAtCompileTime[m[Kâ€™ evaluates to false
gmake[2]: *** [CMakeFiles/EKFLozalization.dir/build.make:76: CMakeFiles/EKFLozalization.dir/src/EKFLozalization.cpp.o] Error 1
gmake[1]: *** [CMakeFiles/Makefile2:137: CMakeFiles/EKFLozalization.dir/all] Error 2
gmake: *** [Makefile:146: all] Error 2
