[0.016s] Invoking command in '/home/javier/puzzlebot_ws/src/build/EKFLocalization': CMAKE_PREFIX_PATH=/opt/ros/humble /usr/bin/cmake --build /home/javier/puzzlebot_ws/src/build/EKFLocalization -- -j12 -l12
[0.052s] [35m[1mConsolidate compiler generated dependencies of target EKFLozalization[0m
[0.070s] [ 50%] [32mBuilding CXX object CMakeFiles/EKFLozalization.dir/src/EKFLozalization.cpp.o[0m
[2.790s] [01m[K/home/javier/puzzlebot_ws/src/EKFLocalization/src/EKFLozalization.cpp:348:5:[m[K [01;31m[Kerror: [m[KISO C++ forbids declaration of â€˜[01m[KPuzzlebot_Odometry[m[Kâ€™ with no type [[01;31m[K]8;;https://gcc.gnu.org/onlinedocs/gcc/Warning-Options.html#index-fpermissive-fpermissive]8;;[m[K]
[2.790s]   348 |     [01;31m[KPuzzlebot_Odometry[m[K()
[2.791s]       |     [01;31m[K^~~~~~~~~~~~~~~~~~[m[K
[3.082s] [01m[K/home/javier/puzzlebot_ws/src/EKFLocalization/src/EKFLozalization.cpp:[m[K In member function â€˜[01m[Kvoid EKFLocalization::control_callback(geometry_msgs::msg::Twist_<std::allocator<void> >::SharedPtr)[m[Kâ€™:
[3.082s] [01m[K/home/javier/puzzlebot_ws/src/EKFLocalization/src/EKFLozalization.cpp:124:30:[m[K [01;31m[Kerror: [m[Kbase operand of â€˜[01m[K->[m[Kâ€™ has non-pointer type â€˜[01m[Kgeometry_msgs::msg::Twist_<std::allocator<void> >::_linear_type[m[Kâ€™ {aka â€˜[01m[Kgeometry_msgs::msg::Vector3_<std::allocator<void> >[m[Kâ€™}
[3.082s]   124 |       this->v_k = msg->linear[01;31m[K->[m[Kx;
[3.083s]       |                              [01;31m[K^~[m[K
[3.083s] [01m[K/home/javier/puzzlebot_ws/src/EKFLocalization/src/EKFLozalization.cpp:125:31:[m[K [01;31m[Kerror: [m[Kbase operand of â€˜[01m[K->[m[Kâ€™ has non-pointer type â€˜[01m[Kgeometry_msgs::msg::Twist_<std::allocator<void> >::_angular_type[m[Kâ€™ {aka â€˜[01m[Kgeometry_msgs::msg::Vector3_<std::allocator<void> >[m[Kâ€™}
[3.083s]   125 |       this->w_k = msg->angular[01;31m[K->[m[Kz;
[3.083s]       |                               [01;31m[K^~[m[K
[3.083s] [01m[K/home/javier/puzzlebot_ws/src/EKFLocalization/src/EKFLozalization.cpp:[m[K In member function â€˜[01m[Kfloat EKFLocalization::wrap_to_pi(float&)[m[Kâ€™:
[3.083s] [01m[K/home/javier/puzzlebot_ws/src/EKFLocalization/src/EKFLozalization.cpp:133:24:[m[K [01;31m[Kerror: [m[Kâ€˜[01m[Kstd::numbers[m[Kâ€™ has not been declared
[3.083s]   133 |       if (theta > std::[01;31m[Knumbers[m[K::pi){
[3.083s]       |                        [01;31m[K^~~~~~~[m[K
[3.083s] [01m[K/home/javier/puzzlebot_ws/src/EKFLocalization/src/EKFLozalization.cpp:134:34:[m[K [01;31m[Kerror: [m[Kâ€˜[01m[Kstd::numbers[m[Kâ€™ has not been declared
[3.083s]   134 |         theta = theta - 2 * std::[01;31m[Knumbers[m[K::pi;
[3.084s]       |                                  [01;31m[K^~~~~~~[m[K
[3.084s] [01m[K/home/javier/puzzlebot_ws/src/EKFLocalization/src/EKFLozalization.cpp:136:29:[m[K [01;31m[Kerror: [m[Kâ€˜[01m[Kstd::numbers[m[Kâ€™ has not been declared
[3.084s]   136 |       else if (theta < std::[01;31m[Knumbers[m[K::pi){
[3.084s]       |                             [01;31m[K^~~~~~~[m[K
[3.084s] [01m[K/home/javier/puzzlebot_ws/src/EKFLocalization/src/EKFLozalization.cpp:137:34:[m[K [01;31m[Kerror: [m[Kâ€˜[01m[Kstd::numbers[m[Kâ€™ has not been declared
[3.084s]   137 |         theta = theta + 2 * std::[01;31m[Knumbers[m[K::pi;
[3.084s]       |                                  [01;31m[K^~~~~~~[m[K
[3.105s] [01m[K/home/javier/puzzlebot_ws/src/EKFLocalization/src/EKFLozalization.cpp:[m[K In member function â€˜[01m[Kvoid EKFLocalization::calc_SigmaD()[m[Kâ€™:
[3.105s] [01m[K/home/javier/puzzlebot_ws/src/EKFLocalization/src/EKFLozalization.cpp:164:7:[m[K [01;31m[Kerror: [m[Kâ€˜[01m[KsigmaD[m[Kâ€™ was not declared in this scope; did you mean â€˜[01m[KSigmaD[m[Kâ€™?
[3.106s]   164 |       [01;31m[KsigmaD[m[K(0,0) = kr * std::abs(wR);
[3.106s]       |       [01;31m[K^~~~~~[m[K
[3.106s]       |       [32m[KSigmaD[m[K
[3.109s] [01m[K/home/javier/puzzlebot_ws/src/EKFLocalization/src/EKFLozalization.cpp:164:21:[m[K [01;31m[Kerror: [m[Kâ€˜[01m[Kkr[m[Kâ€™ was not declared in this scope; did you mean â€˜[01m[KkR[m[Kâ€™?
[3.109s]   164 |       sigmaD(0,0) = [01;31m[Kkr[m[K * std::abs(wR);
[3.109s]       |                     [01;31m[K^~[m[K
[3.110s]       |                     [32m[KkR[m[K
[3.113s] [01m[K/home/javier/puzzlebot_ws/src/EKFLocalization/src/EKFLozalization.cpp:165:21:[m[K [01;31m[Kerror: [m[Kâ€˜[01m[Kkl[m[Kâ€™ was not declared in this scope; did you mean â€˜[01m[KkL[m[Kâ€™?
[3.113s]   165 |       sigmaD(1,1) = [01;31m[Kkl[m[K * std::abs(wL);
[3.113s]       |                     [01;31m[K^~[m[K
[3.113s]       |                     [32m[KkL[m[K
[3.197s] [01m[K/home/javier/puzzlebot_ws/src/EKFLocalization/src/EKFLozalization.cpp:[m[K In member function â€˜[01m[Kvoid EKFLocalization::calc_zHat()[m[Kâ€™:
[3.197s] [01m[K/home/javier/puzzlebot_ws/src/EKFLocalization/src/EKFLozalization.cpp:195:30:[m[K [01;31m[Kerror: [m[Kcannot bind non-const lvalue reference of type â€˜[01m[Kfloat&[m[Kâ€™ to an rvalue of type â€˜[01m[Kfloat[m[Kâ€™
[3.198s]   195 |       z(1) = wrap_to_pi([01;31m[Katan2(delta_zy,delta_zx)[m[K);
[3.198s]       |                         [01;31m[K~~~~~^~~~~~~~~~~~~~~~~~~[m[K
[3.198s] [01m[K/home/javier/puzzlebot_ws/src/EKFLocalization/src/EKFLozalization.cpp:132:29:[m[K [01;36m[Knote: [m[K  initializing argument 1 of â€˜[01m[Kfloat EKFLocalization::wrap_to_pi(float&)[m[Kâ€™
[3.198s]   132 |     float wrap_to_pi([01;36m[Kfloat& theta[m[K){
[3.198s]       |                      [01;36m[K~~~~~~~^~~~~[m[K
[3.211s] [01m[K/home/javier/puzzlebot_ws/src/EKFLocalization/src/EKFLozalization.cpp:[m[K In member function â€˜[01m[Kvoid EKFLocalization::calc_Z()[m[Kâ€™:
[3.211s] [01m[K/home/javier/puzzlebot_ws/src/EKFLocalization/src/EKFLozalization.cpp:208:23:[m[K [01;31m[Kerror: [m[Kâ€˜[01m[Kg[m[Kâ€™ was not declared in this scope
[3.211s]   208 |       Z = G * Sigma * [01;31m[Kg[m[K.transpose() + R;
[3.211s]       |                       [01;31m[K^[m[K
[3.283s] [01m[K/home/javier/puzzlebot_ws/src/EKFLocalization/src/EKFLozalization.cpp:[m[K In member function â€˜[01m[Kvoid EKFLocalization::calc_Sigma()[m[Kâ€™:
[3.283s] [01m[K/home/javier/puzzlebot_ws/src/EKFLocalization/src/EKFLozalization.cpp:221:24:[m[K [01;31m[Kerror: [m[Kâ€˜[01m[Kk[m[Kâ€™ was not declared in this scope
[3.284s]   221 |       Sigma = (I_3x3 - [01;31m[Kk[m[K * G) * Sigma;
[3.284s]       |                        [01;31m[K^[m[K
[3.285s] [01m[K/home/javier/puzzlebot_ws/src/EKFLocalization/src/EKFLozalization.cpp:[m[K In member function â€˜[01m[Kvoid EKFLocalization::publish_result()[m[Kâ€™:
[3.285s] [01m[K/home/javier/puzzlebot_ws/src/EKFLocalization/src/EKFLozalization.cpp:262:48:[m[K [01;35m[Kwarning: [m[Kleft operand of comma operator has no effect [[01;35m[K]8;;https://gcc.gnu.org/onlinedocs/gcc/Warning-Options.html#index-Wunused-value-Wunused-value]8;;[m[K]
[3.285s]   262 |       odometry_msg.pose.covariance[0]  = Sigma[[01;35m[K0[m[K, 0]
[3.285s]       |                                                [01;35m[K^[m[K
[3.285s] [01m[K/home/javier/puzzlebot_ws/src/EKFLocalization/src/EKFLozalization.cpp:263:7:[m[K [01;31m[Kerror: [m[Kexpected â€˜[01m[K;[m[Kâ€™ before â€˜[01m[Kodometry_msg[m[Kâ€™
[3.285s]   263 |       [01;31m[Kodometry_msg[m[K.pose.covariance[1]  = Sigma[0, 1]
[3.286s]       |       [01;31m[K^~~~~~~~~~~~[m[K
[3.286s] [01m[K/home/javier/puzzlebot_ws/src/EKFLocalization/src/EKFLozalization.cpp:[m[K In member function â€˜[01m[Kvoid EKFLocalization::Set_Previous()[m[Kâ€™:
[3.286s] [01m[K/home/javier/puzzlebot_ws/src/EKFLocalization/src/EKFLozalization.cpp:280:7:[m[K [01;31m[Kerror: [m[Kexpected â€˜[01m[K;[m[Kâ€™ before â€˜[01m[Kprev_Sigma[m[Kâ€™
[3.286s]   280 |       [01;31m[Kprev_Sigma[m[K = Sigma
[3.286s]       |       [01;31m[K^~~~~~~~~~[m[K
[3.286s] [01m[K/home/javier/puzzlebot_ws/src/EKFLocalization/src/EKFLozalization.cpp:[m[K In member function â€˜[01m[Kvoid EKFLocalization::PoseEstimation(float, bool)[m[Kâ€™:
[3.286s] [01m[K/home/javier/puzzlebot_ws/src/EKFLocalization/src/EKFLozalization.cpp:288:9:[m[K [01;31m[Kerror: [m[Kexpected â€˜[01m[K;[m[Kâ€™ before â€˜[01m[Kz_measured[m[Kâ€™
[3.286s]   288 |         [01;31m[Kz_measured[m[K(1) = 0.0; //landmark_measured(1);
[3.286s]       |         [01;31m[K^~~~~~~~~~[m[K
[3.291s] [01m[K/home/javier/puzzlebot_ws/src/EKFLocalization/src/EKFLozalization.cpp:302:9:[m[K [01;31m[Kerror: [m[Kâ€˜[01m[Kkl[m[Kâ€™ was not declared in this scope; did you mean â€˜[01m[KkL[m[Kâ€™?
[3.292s]   302 |         [01;31m[Kkl[m[K = 0.0; //calibrated_klr(0);
[3.292s]       |         [01;31m[K^~[m[K
[3.292s]       |         [32m[KkL[m[K
[3.296s] [01m[K/home/javier/puzzlebot_ws/src/EKFLocalization/src/EKFLozalization.cpp:303:9:[m[K [01;31m[Kerror: [m[Kâ€˜[01m[Kkr[m[Kâ€™ was not declared in this scope; did you mean â€˜[01m[KkR[m[Kâ€™?
[3.296s]   303 |         [01;31m[Kkr[m[K = 0.0; //calibrated_klr(1);
[3.296s]       |         [01;31m[K^~[m[K
[3.296s]       |         [32m[KkR[m[K
[3.302s] [01m[K/home/javier/puzzlebot_ws/src/EKFLocalization/src/EKFLozalization.cpp:311:9:[m[K [01;31m[Kerror: [m[Kâ€˜[01m[KEstimate_Q[m[Kâ€™ was not declared in this scope; did you mean â€˜[01m[Kestimate_Q[m[Kâ€™?
[3.302s]   311 |         [01;31m[KEstimate_Q[m[K()
[3.302s]       |         [01;31m[K^~~~~~~~~~[m[K
[3.302s]       |         [32m[Kestimate_Q[m[K
[3.306s] [01m[K/home/javier/puzzlebot_ws/src/EKFLocalization/src/EKFLozalization.cpp:317:9:[m[K [01;31m[Kerror: [m[Kâ€˜[01m[KCalc_Gradient_h[m[Kâ€™ was not declared in this scope; did you mean â€˜[01m[Kcalc_gradient_h[m[Kâ€™?
[3.307s]   317 |         [01;31m[KCalc_Gradient_h[m[K(); // Pose Model linerization
[3.307s]       |         [01;31m[K^~~~~~~~~~~~~~~[m[K
[3.307s]       |         [32m[Kcalc_gradient_h[m[K
[3.311s] [01m[K/home/javier/puzzlebot_ws/src/EKFLocalization/src/EKFLozalization.cpp:318:9:[m[K [01;31m[Kerror: [m[Kâ€˜[01m[KCalc_SigmaHat[m[Kâ€™ was not declared in this scope; did you mean â€˜[01m[Kcalc_SigmaHat[m[Kâ€™?
[3.311s]   318 |         [01;31m[KCalc_SigmaHat[m[K(); // Uncertainty of Ideal calculated pose
[3.311s]       |         [01;31m[K^~~~~~~~~~~~~[m[K
[3.311s]       |         [32m[Kcalc_SigmaHat[m[K
[3.315s] [01m[K/home/javier/puzzlebot_ws/src/EKFLocalization/src/EKFLozalization.cpp:320:11:[m[K [01;31m[Kerror: [m[Kâ€˜[01m[KCalc_zHat[m[Kâ€™ was not declared in this scope; did you mean â€˜[01m[Kcalc_zHat[m[Kâ€™?
[3.316s]   320 |           [01;31m[KCalc_zHat[m[K(); // Ideal observed pose
[3.316s]       |           [01;31m[K^~~~~~~~~[m[K
[3.316s]       |           [32m[Kcalc_zHat[m[K
[3.320s] [01m[K/home/javier/puzzlebot_ws/src/EKFLocalization/src/EKFLozalization.cpp:321:11:[m[K [01;31m[Kerror: [m[Kâ€˜[01m[KCalc_Gradient_g[m[Kâ€™ was not declared in this scope; did you mean â€˜[01m[Kcalc_gradient_g[m[Kâ€™?
[3.320s]   321 |           [01;31m[KCalc_Gradient_g[m[K() ;// Observation Model linerization
[3.320s]       |           [01;31m[K^~~~~~~~~~~~~~~[m[K
[3.320s]       |           [32m[Kcalc_gradient_g[m[K
[3.324s] [01m[K/home/javier/puzzlebot_ws/src/EKFLocalization/src/EKFLozalization.cpp:322:11:[m[K [01;31m[Kerror: [m[Kâ€˜[01m[KCalc_Z[m[Kâ€™ was not declared in this scope; did you mean â€˜[01m[Kcalc_Z[m[Kâ€™?
[3.324s]   322 |           [01;31m[KCalc_Z[m[K() ;// Uncertainty of Ideal observed pose
[3.324s]       |           [01;31m[K^~~~~~[m[K
[3.324s]       |           [32m[Kcalc_Z[m[K
[3.330s] [01m[K/home/javier/puzzlebot_ws/src/EKFLocalization/src/EKFLozalization.cpp:323:11:[m[K [01;31m[Kerror: [m[Kâ€˜[01m[KCalc_KalmanGain[m[Kâ€™ was not declared in this scope; did you mean â€˜[01m[Kcalc_kalman_gain[m[Kâ€™?
[3.330s]   323 |           [01;31m[KCalc_KalmanGain[m[K(); // Kalman Filter Gain!
[3.330s]       |           [01;31m[K^~~~~~~~~~~~~~~[m[K
[3.330s]       |           [32m[Kcalc_kalman_gain[m[K
[3.335s] [01m[K/home/javier/puzzlebot_ws/src/EKFLocalization/src/EKFLozalization.cpp:324:11:[m[K [01;31m[Kerror: [m[Kâ€˜[01m[KCalc_miu[m[Kâ€™ was not declared in this scope; did you mean â€˜[01m[Kcacl_miu[m[Kâ€™?
[3.335s]   324 |           [01;31m[KCalc_miu[m[K(); // Estimated pose
[3.335s]       |           [01;31m[K^~~~~~~~[m[K
[3.335s]       |           [32m[Kcacl_miu[m[K
[3.340s] [01m[K/home/javier/puzzlebot_ws/src/EKFLocalization/src/EKFLozalization.cpp:325:11:[m[K [01;31m[Kerror: [m[Kâ€˜[01m[KCalc_Sigma[m[Kâ€™ was not declared in this scope; did you mean â€˜[01m[Kcalc_Sigma[m[Kâ€™?
[3.340s]   325 |           [01;31m[KCalc_Sigma[m[K() ;// Estimated uncertainty of pose
[3.340s]       |           [01;31m[K^~~~~~~~~~[m[K
[3.340s]       |           [32m[Kcalc_Sigma[m[K
[3.345s] [01m[K/home/javier/puzzlebot_ws/src/EKFLocalization/src/EKFLozalization.cpp:[m[K In member function â€˜[01m[Kvoid EKFLocalization::timer_callback()[m[Kâ€™:
[3.345s] [01m[K/home/javier/puzzlebot_ws/src/EKFLocalization/src/EKFLozalization.cpp:339:9:[m[K [01;31m[Kerror: [m[Kâ€˜[01m[Kdt_[m[Kâ€™ was not declared in this scope; did you mean â€˜[01m[Kdt[m[Kâ€™?
[3.345s]   339 |         [01;31m[Kdt_[m[K = current_time.seconds() - last_time.seconds();
[3.345s]       |         [01;31m[K^~~[m[K
[3.346s]       |         [32m[Kdt[m[K
[3.346s] [01m[K/home/javier/puzzlebot_ws/src/EKFLocalization/src/EKFLozalization.cpp:[m[K In member function â€˜[01m[Kint EKFLocalization::Puzzlebot_Odometry()[m[Kâ€™:
[3.346s] [01m[K/home/javier/puzzlebot_ws/src/EKFLocalization/src/EKFLozalization.cpp:349:7:[m[K [01;31m[Kerror: [m[Konly constructors take member initializers
[3.346s]   349 |     : [01;31m[KNode[m[K("puzzlebot_odometry")
[3.346s]       |       [01;31m[K^~~~[m[K
[3.346s] [01m[K/home/javier/puzzlebot_ws/src/EKFLocalization/src/EKFLozalization.cpp:356:49:[m[K [01;31m[Kerror: [m[Kâ€˜[01m[KPuzzlebot_Odometry[m[Kâ€™ is not a class, namespace, or enumeration
[3.346s]   356 |       "/VelocityEncR", qos_settings, std::bind(&[01;31m[KPuzzlebot_Odometry[m[K::encR_callback, this, std::placeholders::_1));
[3.346s]       |                                                 [01;31m[K^~~~~~~~~~~~~~~~~~[m[K
[3.346s] [01m[K/home/javier/puzzlebot_ws/src/EKFLocalization/src/EKFLozalization.cpp:359:49:[m[K [01;31m[Kerror: [m[Kâ€˜[01m[KPuzzlebot_Odometry[m[Kâ€™ is not a class, namespace, or enumeration
[3.346s]   359 |       "/VelocityEncL", qos_settings, std::bind(&[01;31m[KPuzzlebot_Odometry[m[K::encL_callback, this, std::placeholders::_1));
[3.347s]       |                                                 [01;31m[K^~~~~~~~~~~~~~~~~~[m[K
[3.347s] [01m[K/home/javier/puzzlebot_ws/src/EKFLocalization/src/EKFLozalization.cpp:362:44:[m[K [01;31m[Kerror: [m[Kâ€˜[01m[KPuzzlebot_Odometry[m[Kâ€™ is not a class, namespace, or enumeration
[3.347s]   362 |       "/cmd_vel", qos_settings, std::bind(&[01;31m[KPuzzlebot_Odometry[m[K::compute_angular_vel, this, std::placeholders::_1));
[3.347s]       |                                            [01;31m[K^~~~~~~~~~~~~~~~~~[m[K
[3.348s] [01m[K/home/javier/puzzlebot_ws/src/EKFLocalization/src/EKFLozalization.cpp:369:25:[m[K [01;31m[Kerror: [m[Kâ€˜[01m[KPuzzlebot_Odometry[m[Kâ€™ is not a class, namespace, or enumeration
[3.348s]   369 |       100ms, std::bind(&[01;31m[KPuzzlebot_Odometry[m[K::timer_callback, this));
[3.348s]       |                         [01;31m[K^~~~~~~~~~~~~~~~~~[m[K
[3.349s] [01m[K/home/javier/puzzlebot_ws/src/EKFLocalization/src/EKFLozalization.cpp:370:5:[m[K [01;35m[Kwarning: [m[Kno return statement in function returning non-void [[01;35m[K]8;;https://gcc.gnu.org/onlinedocs/gcc/Warning-Options.html#index-Wreturn-type-Wreturn-type]8;;[m[K]
[3.349s]   370 |     [01;35m[K}[m[K
[3.349s]       |     [01;35m[K^[m[K
[3.357s] [01m[K/home/javier/puzzlebot_ws/src/EKFLocalization/src/EKFLozalization.cpp:[m[K In function â€˜[01m[Kint main(int, char**)[m[Kâ€™:
[3.357s] [01m[K/home/javier/puzzlebot_ws/src/EKFLocalization/src/EKFLozalization.cpp:376:33:[m[K [01;31m[Kerror: [m[Kâ€˜[01m[KPuzzlebot_Odometry[m[Kâ€™ was not declared in this scope
[3.357s]   376 |   rclcpp::spin(std::make_shared<[01;31m[KPuzzlebot_Odometry[m[K>());
[3.357s]       |                                 [01;31m[K^~~~~~~~~~~~~~~~~~[m[K
[3.357s] [01m[K/home/javier/puzzlebot_ws/src/EKFLocalization/src/EKFLozalization.cpp:376:52:[m[K [01;31m[Kerror: [m[Kno matching function for call to â€˜[01m[Kmake_shared<<expression error> >()[m[Kâ€™
[3.357s]   376 |   rclcpp::spin([01;31m[Kstd::make_shared<Puzzlebot_Odometry>()[m[K);
[3.357s]       |                [01;31m[K~~~~~~~~~~~~~~~~~~~~~~~~~~~~~~~~~~~~^~[m[K
[3.357s] In file included from [01m[K/usr/include/c++/11/memory:77[m[K,
[3.357s]                  from [01m[K/home/javier/puzzlebot_ws/src/EKFLocalization/src/EKFLozalization.cpp:10[m[K:
[3.357s] [01m[K/usr/include/c++/11/bits/shared_ptr.h:875:5:[m[K [01;36m[Knote: [m[Kcandidate: â€˜[01m[Ktemplate<class _Tp, class ... _Args> std::shared_ptr<_Tp> std::make_shared(_Args&& ...)[m[Kâ€™
[3.357s]   875 |     [01;36m[Kmake_shared[m[K(_Args&&... __args)
[3.358s]       |     [01;36m[K^~~~~~~~~~~[m[K
[3.358s] [01m[K/usr/include/c++/11/bits/shared_ptr.h:875:5:[m[K [01;36m[Knote: [m[K  template argument deduction/substitution failed:
[3.358s] [01m[K/home/javier/puzzlebot_ws/src/EKFLocalization/src/EKFLozalization.cpp:376:52:[m[K [01;31m[Kerror: [m[Ktemplate argument 1 is invalid
[3.358s]   376 |   rclcpp::spin([01;31m[Kstd::make_shared<Puzzlebot_Odometry>()[m[K);
[3.358s]       |                [01;31m[K~~~~~~~~~~~~~~~~~~~~~~~~~~~~~~~~~~~~^~[m[K
[3.453s] In file included from [01m[K/usr/include/eigen3/Eigen/Core:164[m[K,
[3.453s]                  from [01m[K/usr/include/eigen3/Eigen/Dense:1[m[K,
[3.454s]                  from [01m[K/home/javier/puzzlebot_ws/src/EKFLocalization/src/EKFLozalization.cpp:12[m[K:
[3.454s] /usr/include/eigen3/Eigen/src/Core/DenseCoeffsBase.h: In instantiation of â€˜[01m[KEigen::DenseCoeffsBase<Derived, 1>::Scalar& Eigen::DenseCoeffsBase<Derived, 1>::operator[](Eigen::Index) [with Derived = Eigen::Matrix<float, 3, 3>; Eigen::DenseCoeffsBase<Derived, 1>::Scalar = float; Eigen::Index = long int][m[Kâ€™:
[3.454s] [01m[K/home/javier/puzzlebot_ws/src/EKFLocalization/src/EKFLozalization.cpp:262:52:[m[K   required from here
[3.454s] [01m[K/usr/include/eigen3/Eigen/src/Core/DenseCoeffsBase.h:408:7:[m[K [01;31m[Kerror: [m[Kstatic assertion failed: THE_BRACKET_OPERATOR_IS_ONLY_FOR_VECTORS__USE_THE_PARENTHESIS_OPERATOR_INSTEAD
[3.454s]   408 |       [01;31m[KEIGEN_STATIC_ASSERT[m[K(Derived::IsVectorAtCompileTime,
[3.454s]       |       [01;31m[K^~~~~~~~~~~~~~~~~~~[m[K
[3.454s] [01m[K/usr/include/eigen3/Eigen/src/Core/DenseCoeffsBase.h:408:7:[m[K [01;36m[Knote: [m[Kâ€˜[01m[KEigen::Matrix<float, 3, 3>::IsVectorAtCompileTime[m[Kâ€™ evaluates to false
[4.894s] gmake[2]: *** [CMakeFiles/EKFLozalization.dir/build.make:76: CMakeFiles/EKFLozalization.dir/src/EKFLozalization.cpp.o] Error 1
[4.894s] gmake[1]: *** [CMakeFiles/Makefile2:137: CMakeFiles/EKFLozalization.dir/all] Error 2
[4.894s] gmake: *** [Makefile:146: all] Error 2
[4.896s] Invoked command in '/home/javier/puzzlebot_ws/src/build/EKFLocalization' returned '2': CMAKE_PREFIX_PATH=/opt/ros/humble /usr/bin/cmake --build /home/javier/puzzlebot_ws/src/build/EKFLocalization -- -j12 -l12
