<?xml version="1.0" encoding="UTF-8"?>
<Site BuildName="(empty)"
	BuildStamp="20241128-0127-Experimental"
	Name="javier-ROG-Strix-G531GV-G531GV"
	Generator="ctest-3.22.1"
	CompilerName="/usr/bin/g++"
	CompilerVersion="11.4.0"
	OSName="Linux"
	Hostname="javier-ROG-Strix-G531GV-G531GV"
	OSRelease="6.8.0-49-generic"
	OSVersion="#49~22.04.1-Ubuntu SMP PREEMPT_DYNAMIC Wed Nov  6 17:42:15 UTC 2"
	OSPlatform="x86_64"
	Is64Bits="1"
	VendorString="GenuineIntel"
	VendorID="Intel Corporation"
	FamilyID="6"
	ModelID="158"
	ProcessorCacheSize="12288"
	NumberOfLogicalCPU="12"
	NumberOfPhysicalCPU="6"
	TotalVirtualMemory="2047"
	TotalPhysicalMemory="15840"
	LogicalProcessorsPerPhysical="2"
	ProcessorClockFrequency="3999.96"
	>
	<Testing>
		<StartDateTime>Nov 28 10:03 CST</StartDateTime>
		<StartTestTime>1732809806</StartTestTime>
		<TestList/>
		<EndDateTime>Nov 28 10:03 CST</EndDateTime>
		<EndTestTime>1732809806</EndTestTime>
		<ElapsedMinutes>0</ElapsedMinutes>
	</Testing>
</Site>
